<?xml version="1.0" encoding="utf-8"?>
<CoverageSession xmlns:xsd="http://www.w3.org/2001/XMLSchema" xmlns:xsi="http://www.w3.org/2001/XMLSchema-instance">
  <Summary numSequencePoints="951" visitedSequencePoints="843" numBranchPoints="534" visitedBranchPoints="455" sequenceCoverage="88.64" branchCoverage="85.21" maxCyclomaticComplexity="8" minCyclomaticComplexity="1" visitedClasses="48" numClasses="51" visitedMethods="340" numMethods="406" />
  <Modules>
    <Module hash="F7-C3-7E-9C-11-56-8E-41-C9-F8-F4-61-C7-CE-37-F0-B7-20-ED-AE">
      <Summary numSequencePoints="951" visitedSequencePoints="843" numBranchPoints="534" visitedBranchPoints="455" sequenceCoverage="88.64" branchCoverage="85.21" maxCyclomaticComplexity="8" minCyclomaticComplexity="1" visitedClasses="48" numClasses="51" visitedMethods="340" numMethods="406" />
      <ModulePath>D:\mtg-sdk-dotnet-master\mtg-sdk-dotnet-master\MtgApiManager.Lib.Test\bin\Debug\MtgApiManager.Lib.dll</ModulePath>
      <ModuleTime>2017-06-23T18:57:25.9212607Z</ModuleTime>
      <ModuleName>MtgApiManager.Lib</ModuleName>
      <Files>
        <File uid="1" fullPath="D:\mtg-sdk-dotnet-master\mtg-sdk-dotnet-master\MtgApiManager.Lib\Core\MtgApiController.cs" />
        <File uid="3" fullPath="D:\mtg-sdk-dotnet-master\mtg-sdk-dotnet-master\MtgApiManager.Lib\Utility\Extensions.cs" />
        <File uid="4" fullPath="D:\mtg-sdk-dotnet-master\mtg-sdk-dotnet-master\MtgApiManager.Lib\Utility\QueryUtility.cs" />
        <File uid="6" fullPath="D:\mtg-sdk-dotnet-master\mtg-sdk-dotnet-master\MtgApiManager.Lib\Service\CardQueryParameter.cs" />
        <File uid="7" fullPath="D:\mtg-sdk-dotnet-master\mtg-sdk-dotnet-master\MtgApiManager.Lib\Service\CardService.cs" />
        <File uid="15" fullPath="D:\mtg-sdk-dotnet-master\mtg-sdk-dotnet-master\MtgApiManager.Lib\Service\ServiceBase.cs" />
        <File uid="17" fullPath="D:\mtg-sdk-dotnet-master\mtg-sdk-dotnet-master\MtgApiManager.Lib\Service\SetQueryParameter.cs" />
        <File uid="18" fullPath="D:\mtg-sdk-dotnet-master\mtg-sdk-dotnet-master\MtgApiManager.Lib\Service\SetService.cs" />
        <File uid="23" fullPath="D:\mtg-sdk-dotnet-master\mtg-sdk-dotnet-master\MtgApiManager.Lib\Model\Card\Card.cs" />
        <File uid="25" fullPath="D:\mtg-sdk-dotnet-master\mtg-sdk-dotnet-master\MtgApiManager.Lib\Model\Card\ForeignName.cs" />
        <File uid="26" fullPath="D:\mtg-sdk-dotnet-master\mtg-sdk-dotnet-master\MtgApiManager.Lib\Model\Card\Legality.cs" />
        <File uid="27" fullPath="D:\mtg-sdk-dotnet-master\mtg-sdk-dotnet-master\MtgApiManager.Lib\Model\Card\Ruling.cs" />
        <File uid="28" fullPath="D:\mtg-sdk-dotnet-master\mtg-sdk-dotnet-master\MtgApiManager.Lib\Model\Set.cs" />
        <File uid="29" fullPath="D:\mtg-sdk-dotnet-master\mtg-sdk-dotnet-master\MtgApiManager.Lib\Dto\Cards\CardDto.cs" />
        <File uid="30" fullPath="D:\mtg-sdk-dotnet-master\mtg-sdk-dotnet-master\MtgApiManager.Lib\Dto\Cards\RootCardDto.cs" />
        <File uid="31" fullPath="D:\mtg-sdk-dotnet-master\mtg-sdk-dotnet-master\MtgApiManager.Lib\Dto\Cards\RootCardListDto.cs" />
        <File uid="32" fullPath="D:\mtg-sdk-dotnet-master\mtg-sdk-dotnet-master\MtgApiManager.Lib\Dto\Cards\ForeignNameDto.cs" />
        <File uid="33" fullPath="D:\mtg-sdk-dotnet-master\mtg-sdk-dotnet-master\MtgApiManager.Lib\Dto\Cards\LegalityDto.cs" />
        <File uid="34" fullPath="D:\mtg-sdk-dotnet-master\mtg-sdk-dotnet-master\MtgApiManager.Lib\Dto\Cards\RulingDto.cs" />
        <File uid="35" fullPath="D:\mtg-sdk-dotnet-master\mtg-sdk-dotnet-master\MtgApiManager.Lib\Dto\RootCardSubTypeDto.cs" />
        <File uid="36" fullPath="D:\mtg-sdk-dotnet-master\mtg-sdk-dotnet-master\MtgApiManager.Lib\Dto\RootCardSuperTypeDto.cs" />
        <File uid="37" fullPath="D:\mtg-sdk-dotnet-master\mtg-sdk-dotnet-master\MtgApiManager.Lib\Dto\RootCardTypeDto.cs" />
        <File uid="38" fullPath="D:\mtg-sdk-dotnet-master\mtg-sdk-dotnet-master\MtgApiManager.Lib\Dto\Set\SetDto.cs" />
        <File uid="39" fullPath="D:\mtg-sdk-dotnet-master\mtg-sdk-dotnet-master\MtgApiManager.Lib\Dto\Set\RootSetListDto.cs" />
        <File uid="40" fullPath="D:\mtg-sdk-dotnet-master\mtg-sdk-dotnet-master\MtgApiManager.Lib\Dto\Set\RootSetDto.cs" />
        <File uid="41" fullPath="D:\mtg-sdk-dotnet-master\mtg-sdk-dotnet-master\MtgApiManager.Lib\Core\Exceptional.cs" />
        <File uid="42" fullPath="D:\mtg-sdk-dotnet-master\mtg-sdk-dotnet-master\MtgApiManager.Lib\Core\MtgApiException.cs" />
        <File uid="43" fullPath="D:\mtg-sdk-dotnet-master\mtg-sdk-dotnet-master\MtgApiManager.Lib\Core\Option.cs" />
        <File uid="44" fullPath="D:\mtg-sdk-dotnet-master\mtg-sdk-dotnet-master\MtgApiManager.Lib\Core\RateLimit.cs" />
        <File uid="46" fullPath="D:\mtg-sdk-dotnet-master\mtg-sdk-dotnet-master\MtgApiManager.Lib\Core\Exceptions\BadRequestException.cs" />
        <File uid="47" fullPath="D:\mtg-sdk-dotnet-master\mtg-sdk-dotnet-master\MtgApiManager.Lib\Core\Exceptions\ForbiddenException.cs" />
        <File uid="48" fullPath="D:\mtg-sdk-dotnet-master\mtg-sdk-dotnet-master\MtgApiManager.Lib\Core\Exceptions\InternalServerErrorException.cs" />
        <File uid="49" fullPath="D:\mtg-sdk-dotnet-master\mtg-sdk-dotnet-master\MtgApiManager.Lib\Core\Exceptions\MtgExceptionBase.cs" />
        <File uid="50" fullPath="D:\mtg-sdk-dotnet-master\mtg-sdk-dotnet-master\MtgApiManager.Lib\Core\Exceptions\NotFoundException.cs" />
        <File uid="51" fullPath="D:\mtg-sdk-dotnet-master\mtg-sdk-dotnet-master\MtgApiManager.Lib\Core\Exceptions\ServiceUnavailableException.cs" />
      </Files>
      <Classes>
        <Class>
          <Summary numSequencePoints="43" visitedSequencePoints="43" numBranchPoints="28" visitedBranchPoints="28" sequenceCoverage="100" branchCoverage="100" maxCyclomaticComplexity="8" minCyclomaticComplexity="1" visitedClasses="1" numClasses="1" visitedMethods="14" numMethods="14" />
          <FullName>MtgApiController</FullName>
          <Methods>
            <Method visited="true" cyclomaticComplexity="1" nPathComplexity="0" sequenceCoverage="100" branchCoverage="100" isConstructor="false" isStatic="true" isGetter="true" isSetter="false">
              <Summary numSequencePoints="1" visitedSequencePoints="1" numBranchPoints="1" visitedBranchPoints="1" sequenceCoverage="100" branchCoverage="100" maxCyclomaticComplexity="1" minCyclomaticComplexity="1" visitedClasses="0" numClasses="0" visitedMethods="1" numMethods="1" />
              <MetadataToken>100663297</MetadataToken>
              <Name>System.Int32 MtgApiController::get_Count()</Name>
              <FileRef uid="1" />
              <SequencePoints>
                <SequencePoint vc="2" uspid="1" ordinal="0" offset="0" sl="26" sc="9" el="26" ec="13" bec="0" bev="0" fileid="1" />
              </SequencePoints>
              <BranchPoints />
              <MethodPoint xsi:type="SequencePoint" vc="2" uspid="1" ordinal="0" offset="0" sl="26" sc="9" el="26" ec="13" bec="0" bev="0" fileid="1" />
            </Method>
            <Method visited="true" cyclomaticComplexity="1" nPathComplexity="0" sequenceCoverage="100" branchCoverage="100" isConstructor="false" isStatic="true" isGetter="false" isSetter="true">
              <Summary numSequencePoints="1" visitedSequencePoints="1" numBranchPoints="1" visitedBranchPoints="1" sequenceCoverage="100" branchCoverage="100" maxCyclomaticComplexity="1" minCyclomaticComplexity="1" visitedClasses="0" numClasses="0" visitedMethods="1" numMethods="1" />
              <MetadataToken>100663298</MetadataToken>
              <Name>System.Void MtgApiController::set_Count(System.Int32)</Name>
              <FileRef uid="1" />
              <SequencePoints>
                <SequencePoint vc="4" uspid="2" ordinal="0" offset="0" sl="27" sc="9" el="27" ec="13" bec="0" bev="0" fileid="1" />
              </SequencePoints>
              <BranchPoints />
              <MethodPoint xsi:type="SequencePoint" vc="4" uspid="2" ordinal="0" offset="0" sl="27" sc="9" el="27" ec="13" bec="0" bev="0" fileid="1" />
            </Method>
            <Method visited="true" cyclomaticComplexity="1" nPathComplexity="0" sequenceCoverage="100" branchCoverage="100" isConstructor="false" isStatic="true" isGetter="true" isSetter="false">
              <Summary numSequencePoints="1" visitedSequencePoints="1" numBranchPoints="1" visitedBranchPoints="1" sequenceCoverage="100" branchCoverage="100" maxCyclomaticComplexity="1" minCyclomaticComplexity="1" visitedClasses="0" numClasses="0" visitedMethods="1" numMethods="1" />
              <MetadataToken>100663299</MetadataToken>
              <Name>System.String MtgApiController::get_Link()</Name>
              <FileRef uid="1" />
              <SequencePoints>
                <SequencePoint vc="2" uspid="3" ordinal="0" offset="0" sl="35" sc="9" el="35" ec="13" bec="0" bev="0" fileid="1" />
              </SequencePoints>
              <BranchPoints />
              <MethodPoint xsi:type="SequencePoint" vc="2" uspid="3" ordinal="0" offset="0" sl="35" sc="9" el="35" ec="13" bec="0" bev="0" fileid="1" />
            </Method>
            <Method visited="true" cyclomaticComplexity="1" nPathComplexity="0" sequenceCoverage="100" branchCoverage="100" isConstructor="false" isStatic="true" isGetter="false" isSetter="true">
              <Summary numSequencePoints="1" visitedSequencePoints="1" numBranchPoints="1" visitedBranchPoints="1" sequenceCoverage="100" branchCoverage="100" maxCyclomaticComplexity="1" minCyclomaticComplexity="1" visitedClasses="0" numClasses="0" visitedMethods="1" numMethods="1" />
              <MetadataToken>100663300</MetadataToken>
              <Name>System.Void MtgApiController::set_Link(System.String)</Name>
              <FileRef uid="1" />
              <SequencePoints>
                <SequencePoint vc="6" uspid="4" ordinal="0" offset="0" sl="36" sc="9" el="36" ec="13" bec="0" bev="0" fileid="1" />
              </SequencePoints>
              <BranchPoints />
              <MethodPoint xsi:type="SequencePoint" vc="6" uspid="4" ordinal="0" offset="0" sl="36" sc="9" el="36" ec="13" bec="0" bev="0" fileid="1" />
            </Method>
            <Method visited="true" cyclomaticComplexity="1" nPathComplexity="0" sequenceCoverage="100" branchCoverage="100" isConstructor="false" isStatic="true" isGetter="true" isSetter="false">
              <Summary numSequencePoints="1" visitedSequencePoints="1" numBranchPoints="1" visitedBranchPoints="1" sequenceCoverage="100" branchCoverage="100" maxCyclomaticComplexity="1" minCyclomaticComplexity="1" visitedClasses="0" numClasses="0" visitedMethods="1" numMethods="1" />
              <MetadataToken>100663301</MetadataToken>
              <Name>System.Int32 MtgApiController::get_PageSize()</Name>
              <FileRef uid="1" />
              <SequencePoints>
                <SequencePoint vc="2" uspid="5" ordinal="0" offset="0" sl="44" sc="9" el="44" ec="13" bec="0" bev="0" fileid="1" />
              </SequencePoints>
              <BranchPoints />
              <MethodPoint xsi:type="SequencePoint" vc="2" uspid="5" ordinal="0" offset="0" sl="44" sc="9" el="44" ec="13" bec="0" bev="0" fileid="1" />
            </Method>
            <Method visited="true" cyclomaticComplexity="1" nPathComplexity="0" sequenceCoverage="100" branchCoverage="100" isConstructor="false" isStatic="true" isGetter="false" isSetter="true">
              <Summary numSequencePoints="1" visitedSequencePoints="1" numBranchPoints="1" visitedBranchPoints="1" sequenceCoverage="100" branchCoverage="100" maxCyclomaticComplexity="1" minCyclomaticComplexity="1" visitedClasses="0" numClasses="0" visitedMethods="1" numMethods="1" />
              <MetadataToken>100663302</MetadataToken>
              <Name>System.Void MtgApiController::set_PageSize(System.Int32)</Name>
              <FileRef uid="1" />
              <SequencePoints>
                <SequencePoint vc="5" uspid="6" ordinal="0" offset="0" sl="45" sc="9" el="45" ec="13" bec="0" bev="0" fileid="1" />
              </SequencePoints>
              <BranchPoints />
              <MethodPoint xsi:type="SequencePoint" vc="5" uspid="6" ordinal="0" offset="0" sl="45" sc="9" el="45" ec="13" bec="0" bev="0" fileid="1" />
            </Method>
            <Method visited="true" cyclomaticComplexity="1" nPathComplexity="0" sequenceCoverage="100" branchCoverage="100" isConstructor="false" isStatic="true" isGetter="true" isSetter="false">
              <Summary numSequencePoints="1" visitedSequencePoints="1" numBranchPoints="1" visitedBranchPoints="1" sequenceCoverage="100" branchCoverage="100" maxCyclomaticComplexity="1" minCyclomaticComplexity="1" visitedClasses="0" numClasses="0" visitedMethods="1" numMethods="1" />
              <MetadataToken>100663303</MetadataToken>
              <Name>System.Int32 MtgApiController::get_RatelimitLimit()</Name>
              <FileRef uid="1" />
              <SequencePoints>
                <SequencePoint vc="21" uspid="7" ordinal="0" offset="0" sl="53" sc="9" el="53" ec="13" bec="0" bev="0" fileid="1" />
              </SequencePoints>
              <BranchPoints />
              <MethodPoint xsi:type="SequencePoint" vc="21" uspid="7" ordinal="0" offset="0" sl="53" sc="9" el="53" ec="13" bec="0" bev="0" fileid="1" />
            </Method>
            <Method visited="true" cyclomaticComplexity="1" nPathComplexity="0" sequenceCoverage="100" branchCoverage="100" isConstructor="false" isStatic="true" isGetter="false" isSetter="true">
              <Summary numSequencePoints="1" visitedSequencePoints="1" numBranchPoints="1" visitedBranchPoints="1" sequenceCoverage="100" branchCoverage="100" maxCyclomaticComplexity="1" minCyclomaticComplexity="1" visitedClasses="0" numClasses="0" visitedMethods="1" numMethods="1" />
              <MetadataToken>100663304</MetadataToken>
              <Name>System.Void MtgApiController::set_RatelimitLimit(System.Int32)</Name>
              <FileRef uid="1" />
              <SequencePoints>
                <SequencePoint vc="6" uspid="8" ordinal="0" offset="0" sl="54" sc="9" el="54" ec="13" bec="0" bev="0" fileid="1" />
              </SequencePoints>
              <BranchPoints />
              <MethodPoint xsi:type="SequencePoint" vc="6" uspid="8" ordinal="0" offset="0" sl="54" sc="9" el="54" ec="13" bec="0" bev="0" fileid="1" />
            </Method>
            <Method visited="true" cyclomaticComplexity="1" nPathComplexity="0" sequenceCoverage="100" branchCoverage="100" isConstructor="false" isStatic="true" isGetter="true" isSetter="false">
              <Summary numSequencePoints="1" visitedSequencePoints="1" numBranchPoints="1" visitedBranchPoints="1" sequenceCoverage="100" branchCoverage="100" maxCyclomaticComplexity="1" minCyclomaticComplexity="1" visitedClasses="0" numClasses="0" visitedMethods="1" numMethods="1" />
              <MetadataToken>100663305</MetadataToken>
              <Name>System.Int32 MtgApiController::get_RatelimitRemaining()</Name>
              <FileRef uid="1" />
              <SequencePoints>
                <SequencePoint vc="2" uspid="9" ordinal="0" offset="0" sl="62" sc="9" el="62" ec="13" bec="0" bev="0" fileid="1" />
              </SequencePoints>
              <BranchPoints />
              <MethodPoint xsi:type="SequencePoint" vc="2" uspid="9" ordinal="0" offset="0" sl="62" sc="9" el="62" ec="13" bec="0" bev="0" fileid="1" />
            </Method>
            <Method visited="true" cyclomaticComplexity="1" nPathComplexity="0" sequenceCoverage="100" branchCoverage="100" isConstructor="false" isStatic="true" isGetter="false" isSetter="true">
              <Summary numSequencePoints="1" visitedSequencePoints="1" numBranchPoints="1" visitedBranchPoints="1" sequenceCoverage="100" branchCoverage="100" maxCyclomaticComplexity="1" minCyclomaticComplexity="1" visitedClasses="0" numClasses="0" visitedMethods="1" numMethods="1" />
              <MetadataToken>100663306</MetadataToken>
              <Name>System.Void MtgApiController::set_RatelimitRemaining(System.Int32)</Name>
              <FileRef uid="1" />
              <SequencePoints>
                <SequencePoint vc="1" uspid="10" ordinal="0" offset="0" sl="63" sc="9" el="63" ec="13" bec="0" bev="0" fileid="1" />
              </SequencePoints>
              <BranchPoints />
              <MethodPoint xsi:type="SequencePoint" vc="1" uspid="10" ordinal="0" offset="0" sl="63" sc="9" el="63" ec="13" bec="0" bev="0" fileid="1" />
            </Method>
            <Method visited="true" cyclomaticComplexity="1" nPathComplexity="0" sequenceCoverage="100" branchCoverage="100" isConstructor="false" isStatic="true" isGetter="true" isSetter="false">
              <Summary numSequencePoints="1" visitedSequencePoints="1" numBranchPoints="1" visitedBranchPoints="1" sequenceCoverage="100" branchCoverage="100" maxCyclomaticComplexity="1" minCyclomaticComplexity="1" visitedClasses="0" numClasses="0" visitedMethods="1" numMethods="1" />
              <MetadataToken>100663307</MetadataToken>
              <Name>System.Int32 MtgApiController::get_TotalCount()</Name>
              <FileRef uid="1" />
              <SequencePoints>
                <SequencePoint vc="2" uspid="11" ordinal="0" offset="0" sl="71" sc="9" el="71" ec="13" bec="0" bev="0" fileid="1" />
              </SequencePoints>
              <BranchPoints />
              <MethodPoint xsi:type="SequencePoint" vc="2" uspid="11" ordinal="0" offset="0" sl="71" sc="9" el="71" ec="13" bec="0" bev="0" fileid="1" />
            </Method>
            <Method visited="true" cyclomaticComplexity="1" nPathComplexity="0" sequenceCoverage="100" branchCoverage="100" isConstructor="false" isStatic="true" isGetter="false" isSetter="true">
              <Summary numSequencePoints="1" visitedSequencePoints="1" numBranchPoints="1" visitedBranchPoints="1" sequenceCoverage="100" branchCoverage="100" maxCyclomaticComplexity="1" minCyclomaticComplexity="1" visitedClasses="0" numClasses="0" visitedMethods="1" numMethods="1" />
              <MetadataToken>100663308</MetadataToken>
              <Name>System.Void MtgApiController::set_TotalCount(System.Int32)</Name>
              <FileRef uid="1" />
              <SequencePoints>
                <SequencePoint vc="3" uspid="12" ordinal="0" offset="0" sl="72" sc="9" el="72" ec="13" bec="0" bev="0" fileid="1" />
              </SequencePoints>
              <BranchPoints />
              <MethodPoint xsi:type="SequencePoint" vc="3" uspid="12" ordinal="0" offset="0" sl="72" sc="9" el="72" ec="13" bec="0" bev="0" fileid="1" />
            </Method>
            <Method visited="true" cyclomaticComplexity="1" nPathComplexity="0" sequenceCoverage="0" branchCoverage="0" isConstructor="false" isStatic="true" isGetter="false" isSetter="false">
              <Summary numSequencePoints="0" visitedSequencePoints="0" numBranchPoints="0" visitedBranchPoints="0" sequenceCoverage="0" branchCoverage="0" maxCyclomaticComplexity="1" minCyclomaticComplexity="1" visitedClasses="0" numClasses="0" visitedMethods="0" numMethods="0" />
              <MetadataToken>100663309</MetadataToken>
              <Name>System.Threading.Tasks.Task MtgApiController::HandleRateLimit()</Name>
              <SequencePoints />
              <BranchPoints />
              <MethodPoint vc="19" uspid="13" ordinal="0" offset="0" />
            </Method>
            <Method visited="true" cyclomaticComplexity="8" nPathComplexity="128" sequenceCoverage="100" branchCoverage="100" isConstructor="false" isStatic="true" isGetter="false" isSetter="false">
              <Summary numSequencePoints="30" visitedSequencePoints="30" numBranchPoints="15" visitedBranchPoints="15" sequenceCoverage="100" branchCoverage="100" maxCyclomaticComplexity="8" minCyclomaticComplexity="8" visitedClasses="0" numClasses="0" visitedMethods="1" numMethods="1" />
              <MetadataToken>100663310</MetadataToken>
              <Name>System.Void MtgApiController::ParseHeaders(System.Net.Http.Headers.HttpResponseHeaders)</Name>
              <FileRef uid="1" />
              <SequencePoints>
                <SequencePoint vc="8" uspid="14" ordinal="0" offset="0" sl="92" sc="5" el="92" ec="6" bec="0" bev="0" fileid="1" />
                <SequencePoint vc="8" uspid="15" ordinal="1" offset="1" sl="93" sc="9" el="93" ec="29" bec="2" bev="2" fileid="1" />
                <SequencePoint vc="1" uspid="16" ordinal="2" offset="9" sl="94" sc="9" el="94" ec="10" bec="0" bev="0" fileid="1" />
                <SequencePoint vc="1" uspid="17" ordinal="3" offset="10" sl="95" sc="13" el="95" ec="56" bec="0" bev="0" fileid="1" />
                <SequencePoint vc="7" uspid="18" ordinal="4" offset="21" sl="98" sc="9" el="98" ec="50" bec="0" bev="0" fileid="1" />
                <SequencePoint vc="7" uspid="19" ordinal="5" offset="23" sl="100" sc="9" el="100" ec="61" bec="2" bev="2" fileid="1" />
                <SequencePoint vc="6" uspid="20" ordinal="6" offset="40" sl="101" sc="9" el="101" ec="10" bec="0" bev="0" fileid="1" />
                <SequencePoint vc="6" uspid="21" ordinal="7" offset="41" sl="102" sc="13" el="102" ec="68" bec="0" bev="0" fileid="1" />
                <SequencePoint vc="6" uspid="22" ordinal="8" offset="53" sl="103" sc="9" el="103" ec="10" bec="0" bev="0" fileid="1" />
                <SequencePoint vc="7" uspid="23" ordinal="9" offset="54" sl="105" sc="9" el="105" ec="66" bec="2" bev="2" fileid="1" />
                <SequencePoint vc="5" uspid="24" ordinal="10" offset="71" sl="106" sc="9" el="106" ec="10" bec="0" bev="0" fileid="1" />
                <SequencePoint vc="5" uspid="25" ordinal="11" offset="72" sl="107" sc="13" el="107" ec="83" bec="0" bev="0" fileid="1" />
                <SequencePoint vc="5" uspid="26" ordinal="12" offset="89" sl="108" sc="9" el="108" ec="10" bec="0" bev="0" fileid="1" />
                <SequencePoint vc="7" uspid="27" ordinal="13" offset="90" sl="110" sc="9" el="110" ec="62" bec="2" bev="2" fileid="1" />
                <SequencePoint vc="4" uspid="28" ordinal="14" offset="109" sl="111" sc="9" el="111" ec="10" bec="0" bev="0" fileid="1" />
                <SequencePoint vc="4" uspid="29" ordinal="15" offset="110" sl="112" sc="13" el="112" ec="80" bec="0" bev="0" fileid="1" />
                <SequencePoint vc="4" uspid="30" ordinal="16" offset="127" sl="113" sc="9" el="113" ec="10" bec="0" bev="0" fileid="1" />
                <SequencePoint vc="7" uspid="31" ordinal="17" offset="128" sl="115" sc="9" el="115" ec="68" bec="2" bev="2" fileid="1" />
                <SequencePoint vc="3" uspid="32" ordinal="18" offset="147" sl="116" sc="9" el="116" ec="10" bec="0" bev="0" fileid="1" />
                <SequencePoint vc="3" uspid="33" ordinal="19" offset="148" sl="117" sc="13" el="117" ec="85" bec="0" bev="0" fileid="1" />
                <SequencePoint vc="3" uspid="34" ordinal="20" offset="165" sl="118" sc="9" el="118" ec="10" bec="0" bev="0" fileid="1" />
                <SequencePoint vc="7" uspid="35" ordinal="21" offset="166" sl="120" sc="9" el="120" ec="72" bec="2" bev="2" fileid="1" />
                <SequencePoint vc="2" uspid="36" ordinal="22" offset="185" sl="121" sc="9" el="121" ec="10" bec="0" bev="0" fileid="1" />
                <SequencePoint vc="2" uspid="37" ordinal="23" offset="186" sl="122" sc="13" el="122" ec="89" bec="0" bev="0" fileid="1" />
                <SequencePoint vc="2" uspid="38" ordinal="24" offset="203" sl="123" sc="9" el="123" ec="10" bec="0" bev="0" fileid="1" />
                <SequencePoint vc="7" uspid="39" ordinal="25" offset="204" sl="125" sc="9" el="125" ec="76" bec="2" bev="2" fileid="1" />
                <SequencePoint vc="1" uspid="40" ordinal="26" offset="223" sl="126" sc="9" el="126" ec="10" bec="0" bev="0" fileid="1" />
                <SequencePoint vc="1" uspid="41" ordinal="27" offset="224" sl="127" sc="13" el="127" ec="93" bec="0" bev="0" fileid="1" />
                <SequencePoint vc="1" uspid="42" ordinal="28" offset="241" sl="128" sc="9" el="128" ec="10" bec="0" bev="0" fileid="1" />
                <SequencePoint vc="7" uspid="43" ordinal="29" offset="242" sl="129" sc="5" el="129" ec="6" bec="0" bev="0" fileid="1" />
              </SequencePoints>
              <BranchPoints>
                <BranchPoint vc="1" uspid="44" ordinal="0" offset="7" sl="93" path="0" offsetend="9" fileid="1" />
                <BranchPoint vc="7" uspid="45" ordinal="1" offset="7" sl="93" path="1" offsetend="21" fileid="1" />
                <BranchPoint vc="6" uspid="46" ordinal="2" offset="38" sl="100" path="0" offsetend="40" fileid="1" />
                <BranchPoint vc="1" uspid="47" ordinal="3" offset="38" sl="100" path="1" offsetend="54" fileid="1" />
                <BranchPoint vc="5" uspid="48" ordinal="4" offset="69" sl="105" path="0" offsetend="71" fileid="1" />
                <BranchPoint vc="2" uspid="49" ordinal="5" offset="69" sl="105" path="1" offsetend="90" fileid="1" />
                <BranchPoint vc="4" uspid="50" ordinal="6" offset="107" sl="110" path="0" offsetend="109" fileid="1" />
                <BranchPoint vc="3" uspid="51" ordinal="7" offset="107" sl="110" path="1" offsetend="128" fileid="1" />
                <BranchPoint vc="3" uspid="52" ordinal="8" offset="145" sl="115" path="0" offsetend="147" fileid="1" />
                <BranchPoint vc="4" uspid="53" ordinal="9" offset="145" sl="115" path="1" offsetend="166" fileid="1" />
                <BranchPoint vc="2" uspid="54" ordinal="10" offset="183" sl="120" path="0" offsetend="185" fileid="1" />
                <BranchPoint vc="5" uspid="55" ordinal="11" offset="183" sl="120" path="1" offsetend="204" fileid="1" />
                <BranchPoint vc="1" uspid="56" ordinal="12" offset="221" sl="125" path="0" offsetend="223" fileid="1" />
                <BranchPoint vc="6" uspid="57" ordinal="13" offset="221" sl="125" path="1" offsetend="242" fileid="1" />
              </BranchPoints>
              <MethodPoint xsi:type="SequencePoint" vc="8" uspid="14" ordinal="0" offset="0" sl="92" sc="5" el="92" ec="6" bec="0" bev="0" fileid="1" />
            </Method>
            <Method visited="true" cyclomaticComplexity="1" nPathComplexity="0" sequenceCoverage="100" branchCoverage="100" isConstructor="true" isStatic="true" isGetter="false" isSetter="false">
              <Summary numSequencePoints="1" visitedSequencePoints="1" numBranchPoints="1" visitedBranchPoints="1" sequenceCoverage="100" branchCoverage="100" maxCyclomaticComplexity="1" minCyclomaticComplexity="1" visitedClasses="0" numClasses="0" visitedMethods="1" numMethods="1" />
              <MetadataToken>100663311</MetadataToken>
              <Name>System.Void MtgApiController::.cctor()</Name>
              <FileRef uid="1" />
              <SequencePoints>
                <SequencePoint vc="1" uspid="58" ordinal="0" offset="0" sl="19" sc="5" el="19" ec="62" bec="0" bev="0" fileid="1" />
              </SequencePoints>
              <BranchPoints />
              <MethodPoint xsi:type="SequencePoint" vc="1" uspid="58" ordinal="0" offset="0" sl="19" sc="5" el="19" ec="62" bec="0" bev="0" fileid="1" />
            </Method>
          </Methods>
        </Class>
        <Class>
          <Summary numSequencePoints="8" visitedSequencePoints="8" numBranchPoints="3" visitedBranchPoints="3" sequenceCoverage="100" branchCoverage="100" maxCyclomaticComplexity="4" minCyclomaticComplexity="1" visitedClasses="1" numClasses="1" visitedMethods="1" numMethods="1" />
          <FullName>MtgApiController/&lt;HandleRateLimit&gt;d__25</FullName>
          <Methods>
            <Method visited="true" cyclomaticComplexity="1" nPathComplexity="0" sequenceCoverage="0" branchCoverage="0" isConstructor="true" isStatic="false" isGetter="false" isSetter="false">
              <Summary numSequencePoints="0" visitedSequencePoints="0" numBranchPoints="0" visitedBranchPoints="0" sequenceCoverage="0" branchCoverage="0" maxCyclomaticComplexity="1" minCyclomaticComplexity="1" visitedClasses="0" numClasses="0" visitedMethods="0" numMethods="0" />
              <MetadataToken>100663721</MetadataToken>
              <Name>System.Void MtgApiController/&lt;HandleRateLimit&gt;d__25::.ctor()</Name>
              <SequencePoints />
              <BranchPoints />
              <MethodPoint vc="19" uspid="59" ordinal="0" offset="0" />
            </Method>
            <Method visited="true" cyclomaticComplexity="4" nPathComplexity="2" sequenceCoverage="100" branchCoverage="100" isConstructor="false" isStatic="false" isGetter="false" isSetter="false">
              <Summary numSequencePoints="8" visitedSequencePoints="8" numBranchPoints="3" visitedBranchPoints="3" sequenceCoverage="100" branchCoverage="100" maxCyclomaticComplexity="4" minCyclomaticComplexity="4" visitedClasses="0" numClasses="0" visitedMethods="1" numMethods="1" />
              <MetadataToken>100663722</MetadataToken>
              <Name>System.Void MtgApiController/&lt;HandleRateLimit&gt;d__25::MoveNext()</Name>
              <FileRef uid="1" />
              <SequencePoints>
                <SequencePoint vc="19" uspid="60" ordinal="0" offset="14" sl="76" sc="5" el="76" ec="6" bec="0" bev="0" fileid="1" />
                <SequencePoint vc="19" uspid="61" ordinal="1" offset="15" sl="77" sc="9" el="77" ec="108" bec="0" bev="0" fileid="1" />
                <SequencePoint vc="19" uspid="62" ordinal="2" offset="36" sl="79" sc="9" el="79" ec="37" bec="2" bev="2" fileid="1" />
                <SequencePoint vc="1" uspid="63" ordinal="3" offset="49" sl="80" sc="9" el="80" ec="10" bec="0" bev="0" fileid="1" />
                <SequencePoint vc="1" uspid="64" ordinal="4" offset="50" sl="81" sc="13" el="81" ec="51" bec="0" bev="0" fileid="1" />
                <SequencePoint vc="1" uspid="65" ordinal="5" offset="156" sl="82" sc="9" el="82" ec="10" bec="0" bev="0" fileid="1" />
                <SequencePoint vc="19" uspid="66" ordinal="6" offset="157" sl="84" sc="9" el="84" ec="53" bec="0" bev="0" fileid="1" />
                <SequencePoint vc="19" uspid="67" ordinal="7" offset="196" sl="85" sc="5" el="85" ec="6" bec="0" bev="0" fileid="1" />
              </SequencePoints>
              <BranchPoints>
                <BranchPoint vc="1" uspid="68" ordinal="0" offset="47" sl="79" path="0" offsetend="49" fileid="1" />
                <BranchPoint vc="18" uspid="69" ordinal="1" offset="47" sl="79" path="1" offsetend="157" fileid="1" />
              </BranchPoints>
              <MethodPoint vc="20" uspid="72" ordinal="0" offset="0" />
            </Method>
            <Method visited="true" cyclomaticComplexity="1" nPathComplexity="0" sequenceCoverage="0" branchCoverage="0" isConstructor="false" isStatic="false" isGetter="false" isSetter="false">
              <Summary numSequencePoints="0" visitedSequencePoints="0" numBranchPoints="0" visitedBranchPoints="0" sequenceCoverage="0" branchCoverage="0" maxCyclomaticComplexity="1" minCyclomaticComplexity="1" visitedClasses="0" numClasses="0" visitedMethods="0" numMethods="0" />
              <MetadataToken>100663723</MetadataToken>
              <Name>System.Void MtgApiController/&lt;HandleRateLimit&gt;d__25::SetStateMachine(System.Runtime.CompilerServices.IAsyncStateMachine)</Name>
              <SequencePoints />
              <BranchPoints />
              <MethodPoint vc="1" uspid="73" ordinal="0" offset="0" />
            </Method>
          </Methods>
        </Class>
        <Class>
          <Summary numSequencePoints="10" visitedSequencePoints="10" numBranchPoints="5" visitedBranchPoints="5" sequenceCoverage="100" branchCoverage="100" maxCyclomaticComplexity="3" minCyclomaticComplexity="3" visitedClasses="1" numClasses="1" visitedMethods="1" numMethods="1" />
          <FullName>MtgApiManager.Lib.Utility.Extensions</FullName>
          <Methods>
            <Method visited="true" cyclomaticComplexity="3" nPathComplexity="4" sequenceCoverage="100" branchCoverage="100" isConstructor="false" isStatic="true" isGetter="false" isSetter="false">
              <Summary numSequencePoints="10" visitedSequencePoints="10" numBranchPoints="5" visitedBranchPoints="5" sequenceCoverage="100" branchCoverage="100" maxCyclomaticComplexity="3" minCyclomaticComplexity="3" visitedClasses="0" numClasses="0" visitedMethods="1" numMethods="1" />
              <MetadataToken>100663312</MetadataToken>
              <Name>System.String MtgApiManager.Lib.Utility.Extensions::GetDescription(System.Enum)</Name>
              <FileRef uid="3" />
              <SequencePoints>
                <SequencePoint vc="40" uspid="74" ordinal="0" offset="0" sl="22" sc="9" el="22" ec="10" bec="0" bev="0" fileid="3" />
                <SequencePoint vc="40" uspid="75" ordinal="1" offset="1" sl="23" sc="13" el="23" ec="31" bec="2" bev="2" fileid="3" />
                <SequencePoint vc="1" uspid="76" ordinal="2" offset="9" sl="24" sc="13" el="24" ec="14" bec="0" bev="0" fileid="3" />
                <SequencePoint vc="1" uspid="77" ordinal="3" offset="10" sl="25" sc="17" el="25" ec="58" bec="0" bev="0" fileid="3" />
                <SequencePoint vc="39" uspid="78" ordinal="4" offset="21" sl="28" sc="13" el="31" ec="75" bec="0" bev="0" fileid="3" />
                <SequencePoint vc="39" uspid="79" ordinal="5" offset="55" sl="33" sc="13" el="33" ec="29" bec="2" bev="2" fileid="3" />
                <SequencePoint vc="2" uspid="80" ordinal="6" offset="68" sl="34" sc="13" el="34" ec="14" bec="0" bev="0" fileid="3" />
                <SequencePoint vc="2" uspid="81" ordinal="7" offset="69" sl="35" sc="17" el="35" ec="41" bec="0" bev="0" fileid="3" />
                <SequencePoint vc="37" uspid="82" ordinal="8" offset="78" sl="38" sc="13" el="38" ec="71" bec="0" bev="0" fileid="3" />
                <SequencePoint vc="39" uspid="83" ordinal="9" offset="97" sl="39" sc="9" el="39" ec="10" bec="0" bev="0" fileid="3" />
              </SequencePoints>
              <BranchPoints>
                <BranchPoint vc="1" uspid="84" ordinal="0" offset="7" sl="23" path="0" offsetend="9" fileid="3" />
                <BranchPoint vc="39" uspid="85" ordinal="1" offset="7" sl="23" path="1" offsetend="21" fileid="3" />
                <BranchPoint vc="2" uspid="86" ordinal="2" offset="66" sl="33" path="0" offsetend="68" fileid="3" />
                <BranchPoint vc="37" uspid="87" ordinal="3" offset="66" sl="33" path="1" offsetend="78" fileid="3" />
              </BranchPoints>
              <MethodPoint xsi:type="SequencePoint" vc="40" uspid="74" ordinal="0" offset="0" sl="22" sc="9" el="22" ec="10" bec="0" bev="0" fileid="3" />
            </Method>
          </Methods>
        </Class>
        <Class>
          <Summary numSequencePoints="14" visitedSequencePoints="14" numBranchPoints="7" visitedBranchPoints="7" sequenceCoverage="100" branchCoverage="100" maxCyclomaticComplexity="5" minCyclomaticComplexity="5" visitedClasses="1" numClasses="1" visitedMethods="1" numMethods="1" />
          <FullName>MtgApiManager.Lib.Utility.QueryUtility</FullName>
          <Methods>
            <Method visited="true" cyclomaticComplexity="5" nPathComplexity="8" sequenceCoverage="100" branchCoverage="100" isConstructor="false" isStatic="true" isGetter="false" isSetter="false">
              <Summary numSequencePoints="14" visitedSequencePoints="14" numBranchPoints="7" visitedBranchPoints="7" sequenceCoverage="100" branchCoverage="100" maxCyclomaticComplexity="5" minCyclomaticComplexity="5" visitedClasses="0" numClasses="0" visitedMethods="1" numMethods="1" />
              <MetadataToken>100663313</MetadataToken>
              <Name>System.String MtgApiManager.Lib.Utility.QueryUtility::GetQueryPropertyName(System.String)</Name>
              <FileRef uid="4" />
              <SequencePoints>
                <SequencePoint vc="12" uspid="88" ordinal="0" offset="0" sl="23" sc="9" el="23" ec="10" bec="0" bev="0" fileid="4" />
                <SequencePoint vc="12" uspid="89" ordinal="1" offset="1" sl="24" sc="13" el="24" ec="52" bec="2" bev="2" fileid="4" />
                <SequencePoint vc="1" uspid="90" ordinal="2" offset="11" sl="25" sc="13" el="25" ec="14" bec="0" bev="0" fileid="4" />
                <SequencePoint vc="1" uspid="91" ordinal="3" offset="12" sl="26" sc="17" el="26" ec="65" bec="0" bev="0" fileid="4" />
                <SequencePoint vc="11" uspid="92" ordinal="4" offset="23" sl="29" sc="13" el="29" ec="64" bec="0" bev="0" fileid="4" />
                <SequencePoint vc="11" uspid="93" ordinal="5" offset="40" sl="31" sc="13" el="31" ec="34" bec="2" bev="2" fileid="4" />
                <SequencePoint vc="1" uspid="94" ordinal="6" offset="51" sl="32" sc="13" el="32" ec="14" bec="0" bev="0" fileid="4" />
                <SequencePoint vc="1" uspid="95" ordinal="7" offset="52" sl="33" sc="17" el="33" ec="29" bec="0" bev="0" fileid="4" />
                <SequencePoint vc="10" uspid="96" ordinal="8" offset="57" sl="36" sc="13" el="36" ec="113" bec="0" bev="0" fileid="4" />
                <SequencePoint vc="10" uspid="97" ordinal="9" offset="101" sl="38" sc="13" el="38" ec="35" bec="2" bev="2" fileid="4" />
                <SequencePoint vc="1" uspid="98" ordinal="10" offset="111" sl="39" sc="13" el="39" ec="14" bec="0" bev="0" fileid="4" />
                <SequencePoint vc="1" uspid="99" ordinal="11" offset="112" sl="40" sc="17" el="40" ec="29" bec="0" bev="0" fileid="4" />
                <SequencePoint vc="9" uspid="100" ordinal="12" offset="117" sl="43" sc="13" el="43" ec="70" bec="0" bev="0" fileid="4" />
                <SequencePoint vc="11" uspid="101" ordinal="13" offset="132" sl="44" sc="9" el="44" ec="10" bec="0" bev="0" fileid="4" />
              </SequencePoints>
              <BranchPoints>
                <BranchPoint vc="1" uspid="102" ordinal="0" offset="9" sl="24" path="0" offsetend="11" fileid="4" />
                <BranchPoint vc="11" uspid="103" ordinal="1" offset="9" sl="24" path="1" offsetend="23" fileid="4" />
                <BranchPoint vc="1" uspid="104" ordinal="2" offset="49" sl="31" path="0" offsetend="51" fileid="4" />
                <BranchPoint vc="10" uspid="105" ordinal="3" offset="49" sl="31" path="1" offsetend="57" fileid="4" />
                <BranchPoint vc="1" uspid="108" ordinal="6" offset="109" sl="38" path="0" offsetend="111" fileid="4" />
                <BranchPoint vc="9" uspid="109" ordinal="7" offset="109" sl="38" path="1" offsetend="117" fileid="4" />
              </BranchPoints>
              <MethodPoint xsi:type="SequencePoint" vc="12" uspid="88" ordinal="0" offset="0" sl="23" sc="9" el="23" ec="10" bec="0" bev="0" fileid="4" />
            </Method>
          </Methods>
        </Class>
        <Class>
          <Summary numSequencePoints="1" visitedSequencePoints="1" numBranchPoints="1" visitedBranchPoints="1" sequenceCoverage="100" branchCoverage="100" maxCyclomaticComplexity="1" minCyclomaticComplexity="1" visitedClasses="1" numClasses="1" visitedMethods="1" numMethods="1" />
          <FullName>MtgApiManager.Lib.Utility.QueryUtility/&lt;&gt;c__0`1</FullName>
          <Methods>
            <Method visited="true" cyclomaticComplexity="1" nPathComplexity="0" sequenceCoverage="0" branchCoverage="0" isConstructor="true" isStatic="true" isGetter="false" isSetter="false">
              <Summary numSequencePoints="0" visitedSequencePoints="0" numBranchPoints="0" visitedBranchPoints="0" sequenceCoverage="0" branchCoverage="0" maxCyclomaticComplexity="1" minCyclomaticComplexity="1" visitedClasses="0" numClasses="0" visitedMethods="0" numMethods="0" />
              <MetadataToken>100663724</MetadataToken>
              <Name>System.Void MtgApiManager.Lib.Utility.QueryUtility/&lt;&gt;c__0`1::.cctor()</Name>
              <SequencePoints />
              <BranchPoints />
              <MethodPoint vc="3" uspid="110" ordinal="0" offset="0" />
            </Method>
            <Method visited="true" cyclomaticComplexity="1" nPathComplexity="0" sequenceCoverage="0" branchCoverage="0" isConstructor="true" isStatic="false" isGetter="false" isSetter="false">
              <Summary numSequencePoints="0" visitedSequencePoints="0" numBranchPoints="0" visitedBranchPoints="0" sequenceCoverage="0" branchCoverage="0" maxCyclomaticComplexity="1" minCyclomaticComplexity="1" visitedClasses="0" numClasses="0" visitedMethods="0" numMethods="0" />
              <MetadataToken>100663725</MetadataToken>
              <Name>System.Void MtgApiManager.Lib.Utility.QueryUtility/&lt;&gt;c__0`1::.ctor()</Name>
              <SequencePoints />
              <BranchPoints />
              <MethodPoint vc="3" uspid="111" ordinal="0" offset="0" />
            </Method>
            <Method visited="true" cyclomaticComplexity="1" nPathComplexity="0" sequenceCoverage="100" branchCoverage="100" isConstructor="false" isStatic="false" isGetter="false" isSetter="false">
              <Summary numSequencePoints="1" visitedSequencePoints="1" numBranchPoints="1" visitedBranchPoints="1" sequenceCoverage="100" branchCoverage="100" maxCyclomaticComplexity="1" minCyclomaticComplexity="1" visitedClasses="0" numClasses="0" visitedMethods="1" numMethods="1" />
              <MetadataToken>100663726</MetadataToken>
              <Name>System.Boolean MtgApiManager.Lib.Utility.QueryUtility/&lt;&gt;c__0`1::&lt;GetQueryPropertyName&gt;b__0_0(System.Object)</Name>
              <FileRef uid="4" />
              <SequencePoints>
                <SequencePoint vc="9" uspid="112" ordinal="0" offset="0" sl="36" sc="85" el="36" ec="111" bec="0" bev="0" fileid="4" />
              </SequencePoints>
              <BranchPoints />
              <MethodPoint xsi:type="SequencePoint" vc="9" uspid="112" ordinal="0" offset="0" sl="36" sc="85" el="36" ec="111" bec="0" bev="0" fileid="4" />
            </Method>
          </Methods>
        </Class>
        <Class>
          <Summary numSequencePoints="52" visitedSequencePoints="0" numBranchPoints="52" visitedBranchPoints="0" sequenceCoverage="0" branchCoverage="0" maxCyclomaticComplexity="1" minCyclomaticComplexity="1" visitedClasses="0" numClasses="1" visitedMethods="0" numMethods="52" />
          <FullName>MtgApiManager.Lib.Service.CardQueryParameter</FullName>
          <Methods>
            <Method visited="false" cyclomaticComplexity="1" nPathComplexity="0" sequenceCoverage="0" branchCoverage="0" isConstructor="false" isStatic="false" isGetter="true" isSetter="false">
              <Summary numSequencePoints="1" visitedSequencePoints="0" numBranchPoints="1" visitedBranchPoints="0" sequenceCoverage="0" branchCoverage="0" maxCyclomaticComplexity="1" minCyclomaticComplexity="1" visitedClasses="0" numClasses="0" visitedMethods="0" numMethods="1" />
              <MetadataToken>100663314</MetadataToken>
              <Name>System.String MtgApiManager.Lib.Service.CardQueryParameter::get_Artist()</Name>
              <FileRef uid="6" />
              <SequencePoints>
                <SequencePoint vc="0" uspid="113" ordinal="0" offset="0" sl="20" sc="13" el="20" ec="17" bec="0" bev="0" fileid="6" />
              </SequencePoints>
              <BranchPoints />
              <MethodPoint xsi:type="SequencePoint" vc="0" uspid="113" ordinal="0" offset="0" sl="20" sc="13" el="20" ec="17" bec="0" bev="0" fileid="6" />
            </Method>
            <Method visited="false" cyclomaticComplexity="1" nPathComplexity="0" sequenceCoverage="0" branchCoverage="0" isConstructor="false" isStatic="false" isGetter="false" isSetter="true">
              <Summary numSequencePoints="1" visitedSequencePoints="0" numBranchPoints="1" visitedBranchPoints="0" sequenceCoverage="0" branchCoverage="0" maxCyclomaticComplexity="1" minCyclomaticComplexity="1" visitedClasses="0" numClasses="0" visitedMethods="0" numMethods="1" />
              <MetadataToken>100663315</MetadataToken>
              <Name>System.Void MtgApiManager.Lib.Service.CardQueryParameter::set_Artist(System.String)</Name>
              <FileRef uid="6" />
              <SequencePoints>
                <SequencePoint vc="0" uspid="114" ordinal="0" offset="0" sl="21" sc="13" el="21" ec="17" bec="0" bev="0" fileid="6" />
              </SequencePoints>
              <BranchPoints />
              <MethodPoint xsi:type="SequencePoint" vc="0" uspid="114" ordinal="0" offset="0" sl="21" sc="13" el="21" ec="17" bec="0" bev="0" fileid="6" />
            </Method>
            <Method visited="false" cyclomaticComplexity="1" nPathComplexity="0" sequenceCoverage="0" branchCoverage="0" isConstructor="false" isStatic="false" isGetter="true" isSetter="false">
              <Summary numSequencePoints="1" visitedSequencePoints="0" numBranchPoints="1" visitedBranchPoints="0" sequenceCoverage="0" branchCoverage="0" maxCyclomaticComplexity="1" minCyclomaticComplexity="1" visitedClasses="0" numClasses="0" visitedMethods="0" numMethods="1" />
              <MetadataToken>100663316</MetadataToken>
              <Name>System.String MtgApiManager.Lib.Service.CardQueryParameter::get_Cmc()</Name>
              <FileRef uid="6" />
              <SequencePoints>
                <SequencePoint vc="0" uspid="115" ordinal="0" offset="0" sl="30" sc="13" el="30" ec="17" bec="0" bev="0" fileid="6" />
              </SequencePoints>
              <BranchPoints />
              <MethodPoint xsi:type="SequencePoint" vc="0" uspid="115" ordinal="0" offset="0" sl="30" sc="13" el="30" ec="17" bec="0" bev="0" fileid="6" />
            </Method>
            <Method visited="false" cyclomaticComplexity="1" nPathComplexity="0" sequenceCoverage="0" branchCoverage="0" isConstructor="false" isStatic="false" isGetter="false" isSetter="true">
              <Summary numSequencePoints="1" visitedSequencePoints="0" numBranchPoints="1" visitedBranchPoints="0" sequenceCoverage="0" branchCoverage="0" maxCyclomaticComplexity="1" minCyclomaticComplexity="1" visitedClasses="0" numClasses="0" visitedMethods="0" numMethods="1" />
              <MetadataToken>100663317</MetadataToken>
              <Name>System.Void MtgApiManager.Lib.Service.CardQueryParameter::set_Cmc(System.String)</Name>
              <FileRef uid="6" />
              <SequencePoints>
                <SequencePoint vc="0" uspid="116" ordinal="0" offset="0" sl="31" sc="13" el="31" ec="17" bec="0" bev="0" fileid="6" />
              </SequencePoints>
              <BranchPoints />
              <MethodPoint xsi:type="SequencePoint" vc="0" uspid="116" ordinal="0" offset="0" sl="31" sc="13" el="31" ec="17" bec="0" bev="0" fileid="6" />
            </Method>
            <Method visited="false" cyclomaticComplexity="1" nPathComplexity="0" sequenceCoverage="0" branchCoverage="0" isConstructor="false" isStatic="false" isGetter="true" isSetter="false">
              <Summary numSequencePoints="1" visitedSequencePoints="0" numBranchPoints="1" visitedBranchPoints="0" sequenceCoverage="0" branchCoverage="0" maxCyclomaticComplexity="1" minCyclomaticComplexity="1" visitedClasses="0" numClasses="0" visitedMethods="0" numMethods="1" />
              <MetadataToken>100663318</MetadataToken>
              <Name>System.String[] MtgApiManager.Lib.Service.CardQueryParameter::get_ColorIdentity()</Name>
              <FileRef uid="6" />
              <SequencePoints>
                <SequencePoint vc="0" uspid="117" ordinal="0" offset="0" sl="40" sc="13" el="40" ec="17" bec="0" bev="0" fileid="6" />
              </SequencePoints>
              <BranchPoints />
              <MethodPoint xsi:type="SequencePoint" vc="0" uspid="117" ordinal="0" offset="0" sl="40" sc="13" el="40" ec="17" bec="0" bev="0" fileid="6" />
            </Method>
            <Method visited="false" cyclomaticComplexity="1" nPathComplexity="0" sequenceCoverage="0" branchCoverage="0" isConstructor="false" isStatic="false" isGetter="false" isSetter="true">
              <Summary numSequencePoints="1" visitedSequencePoints="0" numBranchPoints="1" visitedBranchPoints="0" sequenceCoverage="0" branchCoverage="0" maxCyclomaticComplexity="1" minCyclomaticComplexity="1" visitedClasses="0" numClasses="0" visitedMethods="0" numMethods="1" />
              <MetadataToken>100663319</MetadataToken>
              <Name>System.Void MtgApiManager.Lib.Service.CardQueryParameter::set_ColorIdentity(System.String[])</Name>
              <FileRef uid="6" />
              <SequencePoints>
                <SequencePoint vc="0" uspid="118" ordinal="0" offset="0" sl="41" sc="13" el="41" ec="17" bec="0" bev="0" fileid="6" />
              </SequencePoints>
              <BranchPoints />
              <MethodPoint xsi:type="SequencePoint" vc="0" uspid="118" ordinal="0" offset="0" sl="41" sc="13" el="41" ec="17" bec="0" bev="0" fileid="6" />
            </Method>
            <Method visited="false" cyclomaticComplexity="1" nPathComplexity="0" sequenceCoverage="0" branchCoverage="0" isConstructor="false" isStatic="false" isGetter="true" isSetter="false">
              <Summary numSequencePoints="1" visitedSequencePoints="0" numBranchPoints="1" visitedBranchPoints="0" sequenceCoverage="0" branchCoverage="0" maxCyclomaticComplexity="1" minCyclomaticComplexity="1" visitedClasses="0" numClasses="0" visitedMethods="0" numMethods="1" />
              <MetadataToken>100663320</MetadataToken>
              <Name>System.String[] MtgApiManager.Lib.Service.CardQueryParameter::get_Colors()</Name>
              <FileRef uid="6" />
              <SequencePoints>
                <SequencePoint vc="0" uspid="119" ordinal="0" offset="0" sl="50" sc="13" el="50" ec="17" bec="0" bev="0" fileid="6" />
              </SequencePoints>
              <BranchPoints />
              <MethodPoint xsi:type="SequencePoint" vc="0" uspid="119" ordinal="0" offset="0" sl="50" sc="13" el="50" ec="17" bec="0" bev="0" fileid="6" />
            </Method>
            <Method visited="false" cyclomaticComplexity="1" nPathComplexity="0" sequenceCoverage="0" branchCoverage="0" isConstructor="false" isStatic="false" isGetter="false" isSetter="true">
              <Summary numSequencePoints="1" visitedSequencePoints="0" numBranchPoints="1" visitedBranchPoints="0" sequenceCoverage="0" branchCoverage="0" maxCyclomaticComplexity="1" minCyclomaticComplexity="1" visitedClasses="0" numClasses="0" visitedMethods="0" numMethods="1" />
              <MetadataToken>100663321</MetadataToken>
              <Name>System.Void MtgApiManager.Lib.Service.CardQueryParameter::set_Colors(System.String[])</Name>
              <FileRef uid="6" />
              <SequencePoints>
                <SequencePoint vc="0" uspid="120" ordinal="0" offset="0" sl="51" sc="13" el="51" ec="17" bec="0" bev="0" fileid="6" />
              </SequencePoints>
              <BranchPoints />
              <MethodPoint xsi:type="SequencePoint" vc="0" uspid="120" ordinal="0" offset="0" sl="51" sc="13" el="51" ec="17" bec="0" bev="0" fileid="6" />
            </Method>
            <Method visited="false" cyclomaticComplexity="1" nPathComplexity="0" sequenceCoverage="0" branchCoverage="0" isConstructor="false" isStatic="false" isGetter="true" isSetter="false">
              <Summary numSequencePoints="1" visitedSequencePoints="0" numBranchPoints="1" visitedBranchPoints="0" sequenceCoverage="0" branchCoverage="0" maxCyclomaticComplexity="1" minCyclomaticComplexity="1" visitedClasses="0" numClasses="0" visitedMethods="0" numMethods="1" />
              <MetadataToken>100663322</MetadataToken>
              <Name>System.String MtgApiManager.Lib.Service.CardQueryParameter::get_Flavor()</Name>
              <FileRef uid="6" />
              <SequencePoints>
                <SequencePoint vc="0" uspid="121" ordinal="0" offset="0" sl="60" sc="13" el="60" ec="17" bec="0" bev="0" fileid="6" />
              </SequencePoints>
              <BranchPoints />
              <MethodPoint xsi:type="SequencePoint" vc="0" uspid="121" ordinal="0" offset="0" sl="60" sc="13" el="60" ec="17" bec="0" bev="0" fileid="6" />
            </Method>
            <Method visited="false" cyclomaticComplexity="1" nPathComplexity="0" sequenceCoverage="0" branchCoverage="0" isConstructor="false" isStatic="false" isGetter="false" isSetter="true">
              <Summary numSequencePoints="1" visitedSequencePoints="0" numBranchPoints="1" visitedBranchPoints="0" sequenceCoverage="0" branchCoverage="0" maxCyclomaticComplexity="1" minCyclomaticComplexity="1" visitedClasses="0" numClasses="0" visitedMethods="0" numMethods="1" />
              <MetadataToken>100663323</MetadataToken>
              <Name>System.Void MtgApiManager.Lib.Service.CardQueryParameter::set_Flavor(System.String)</Name>
              <FileRef uid="6" />
              <SequencePoints>
                <SequencePoint vc="0" uspid="122" ordinal="0" offset="0" sl="61" sc="13" el="61" ec="17" bec="0" bev="0" fileid="6" />
              </SequencePoints>
              <BranchPoints />
              <MethodPoint xsi:type="SequencePoint" vc="0" uspid="122" ordinal="0" offset="0" sl="61" sc="13" el="61" ec="17" bec="0" bev="0" fileid="6" />
            </Method>
            <Method visited="false" cyclomaticComplexity="1" nPathComplexity="0" sequenceCoverage="0" branchCoverage="0" isConstructor="false" isStatic="false" isGetter="true" isSetter="false">
              <Summary numSequencePoints="1" visitedSequencePoints="0" numBranchPoints="1" visitedBranchPoints="0" sequenceCoverage="0" branchCoverage="0" maxCyclomaticComplexity="1" minCyclomaticComplexity="1" visitedClasses="0" numClasses="0" visitedMethods="0" numMethods="1" />
              <MetadataToken>100663324</MetadataToken>
              <Name>System.String MtgApiManager.Lib.Service.CardQueryParameter::get_ForeignName()</Name>
              <FileRef uid="6" />
              <SequencePoints>
                <SequencePoint vc="0" uspid="123" ordinal="0" offset="0" sl="70" sc="13" el="70" ec="17" bec="0" bev="0" fileid="6" />
              </SequencePoints>
              <BranchPoints />
              <MethodPoint xsi:type="SequencePoint" vc="0" uspid="123" ordinal="0" offset="0" sl="70" sc="13" el="70" ec="17" bec="0" bev="0" fileid="6" />
            </Method>
            <Method visited="false" cyclomaticComplexity="1" nPathComplexity="0" sequenceCoverage="0" branchCoverage="0" isConstructor="false" isStatic="false" isGetter="false" isSetter="true">
              <Summary numSequencePoints="1" visitedSequencePoints="0" numBranchPoints="1" visitedBranchPoints="0" sequenceCoverage="0" branchCoverage="0" maxCyclomaticComplexity="1" minCyclomaticComplexity="1" visitedClasses="0" numClasses="0" visitedMethods="0" numMethods="1" />
              <MetadataToken>100663325</MetadataToken>
              <Name>System.Void MtgApiManager.Lib.Service.CardQueryParameter::set_ForeignName(System.String)</Name>
              <FileRef uid="6" />
              <SequencePoints>
                <SequencePoint vc="0" uspid="124" ordinal="0" offset="0" sl="71" sc="13" el="71" ec="17" bec="0" bev="0" fileid="6" />
              </SequencePoints>
              <BranchPoints />
              <MethodPoint xsi:type="SequencePoint" vc="0" uspid="124" ordinal="0" offset="0" sl="71" sc="13" el="71" ec="17" bec="0" bev="0" fileid="6" />
            </Method>
            <Method visited="false" cyclomaticComplexity="1" nPathComplexity="0" sequenceCoverage="0" branchCoverage="0" isConstructor="false" isStatic="false" isGetter="true" isSetter="false">
              <Summary numSequencePoints="1" visitedSequencePoints="0" numBranchPoints="1" visitedBranchPoints="0" sequenceCoverage="0" branchCoverage="0" maxCyclomaticComplexity="1" minCyclomaticComplexity="1" visitedClasses="0" numClasses="0" visitedMethods="0" numMethods="1" />
              <MetadataToken>100663326</MetadataToken>
              <Name>System.String MtgApiManager.Lib.Service.CardQueryParameter::get_GameFormat()</Name>
              <FileRef uid="6" />
              <SequencePoints>
                <SequencePoint vc="0" uspid="125" ordinal="0" offset="0" sl="80" sc="13" el="80" ec="17" bec="0" bev="0" fileid="6" />
              </SequencePoints>
              <BranchPoints />
              <MethodPoint xsi:type="SequencePoint" vc="0" uspid="125" ordinal="0" offset="0" sl="80" sc="13" el="80" ec="17" bec="0" bev="0" fileid="6" />
            </Method>
            <Method visited="false" cyclomaticComplexity="1" nPathComplexity="0" sequenceCoverage="0" branchCoverage="0" isConstructor="false" isStatic="false" isGetter="false" isSetter="true">
              <Summary numSequencePoints="1" visitedSequencePoints="0" numBranchPoints="1" visitedBranchPoints="0" sequenceCoverage="0" branchCoverage="0" maxCyclomaticComplexity="1" minCyclomaticComplexity="1" visitedClasses="0" numClasses="0" visitedMethods="0" numMethods="1" />
              <MetadataToken>100663327</MetadataToken>
              <Name>System.Void MtgApiManager.Lib.Service.CardQueryParameter::set_GameFormat(System.String)</Name>
              <FileRef uid="6" />
              <SequencePoints>
                <SequencePoint vc="0" uspid="126" ordinal="0" offset="0" sl="81" sc="13" el="81" ec="17" bec="0" bev="0" fileid="6" />
              </SequencePoints>
              <BranchPoints />
              <MethodPoint xsi:type="SequencePoint" vc="0" uspid="126" ordinal="0" offset="0" sl="81" sc="13" el="81" ec="17" bec="0" bev="0" fileid="6" />
            </Method>
            <Method visited="false" cyclomaticComplexity="1" nPathComplexity="0" sequenceCoverage="0" branchCoverage="0" isConstructor="false" isStatic="false" isGetter="true" isSetter="false">
              <Summary numSequencePoints="1" visitedSequencePoints="0" numBranchPoints="1" visitedBranchPoints="0" sequenceCoverage="0" branchCoverage="0" maxCyclomaticComplexity="1" minCyclomaticComplexity="1" visitedClasses="0" numClasses="0" visitedMethods="0" numMethods="1" />
              <MetadataToken>100663328</MetadataToken>
              <Name>System.String MtgApiManager.Lib.Service.CardQueryParameter::get_Language()</Name>
              <FileRef uid="6" />
              <SequencePoints>
                <SequencePoint vc="0" uspid="127" ordinal="0" offset="0" sl="90" sc="13" el="90" ec="17" bec="0" bev="0" fileid="6" />
              </SequencePoints>
              <BranchPoints />
              <MethodPoint xsi:type="SequencePoint" vc="0" uspid="127" ordinal="0" offset="0" sl="90" sc="13" el="90" ec="17" bec="0" bev="0" fileid="6" />
            </Method>
            <Method visited="false" cyclomaticComplexity="1" nPathComplexity="0" sequenceCoverage="0" branchCoverage="0" isConstructor="false" isStatic="false" isGetter="false" isSetter="true">
              <Summary numSequencePoints="1" visitedSequencePoints="0" numBranchPoints="1" visitedBranchPoints="0" sequenceCoverage="0" branchCoverage="0" maxCyclomaticComplexity="1" minCyclomaticComplexity="1" visitedClasses="0" numClasses="0" visitedMethods="0" numMethods="1" />
              <MetadataToken>100663329</MetadataToken>
              <Name>System.Void MtgApiManager.Lib.Service.CardQueryParameter::set_Language(System.String)</Name>
              <FileRef uid="6" />
              <SequencePoints>
                <SequencePoint vc="0" uspid="128" ordinal="0" offset="0" sl="91" sc="13" el="91" ec="17" bec="0" bev="0" fileid="6" />
              </SequencePoints>
              <BranchPoints />
              <MethodPoint xsi:type="SequencePoint" vc="0" uspid="128" ordinal="0" offset="0" sl="91" sc="13" el="91" ec="17" bec="0" bev="0" fileid="6" />
            </Method>
            <Method visited="false" cyclomaticComplexity="1" nPathComplexity="0" sequenceCoverage="0" branchCoverage="0" isConstructor="false" isStatic="false" isGetter="true" isSetter="false">
              <Summary numSequencePoints="1" visitedSequencePoints="0" numBranchPoints="1" visitedBranchPoints="0" sequenceCoverage="0" branchCoverage="0" maxCyclomaticComplexity="1" minCyclomaticComplexity="1" visitedClasses="0" numClasses="0" visitedMethods="0" numMethods="1" />
              <MetadataToken>100663330</MetadataToken>
              <Name>System.String MtgApiManager.Lib.Service.CardQueryParameter::get_Layout()</Name>
              <FileRef uid="6" />
              <SequencePoints>
                <SequencePoint vc="0" uspid="129" ordinal="0" offset="0" sl="100" sc="13" el="100" ec="17" bec="0" bev="0" fileid="6" />
              </SequencePoints>
              <BranchPoints />
              <MethodPoint xsi:type="SequencePoint" vc="0" uspid="129" ordinal="0" offset="0" sl="100" sc="13" el="100" ec="17" bec="0" bev="0" fileid="6" />
            </Method>
            <Method visited="false" cyclomaticComplexity="1" nPathComplexity="0" sequenceCoverage="0" branchCoverage="0" isConstructor="false" isStatic="false" isGetter="false" isSetter="true">
              <Summary numSequencePoints="1" visitedSequencePoints="0" numBranchPoints="1" visitedBranchPoints="0" sequenceCoverage="0" branchCoverage="0" maxCyclomaticComplexity="1" minCyclomaticComplexity="1" visitedClasses="0" numClasses="0" visitedMethods="0" numMethods="1" />
              <MetadataToken>100663331</MetadataToken>
              <Name>System.Void MtgApiManager.Lib.Service.CardQueryParameter::set_Layout(System.String)</Name>
              <FileRef uid="6" />
              <SequencePoints>
                <SequencePoint vc="0" uspid="130" ordinal="0" offset="0" sl="101" sc="13" el="101" ec="17" bec="0" bev="0" fileid="6" />
              </SequencePoints>
              <BranchPoints />
              <MethodPoint xsi:type="SequencePoint" vc="0" uspid="130" ordinal="0" offset="0" sl="101" sc="13" el="101" ec="17" bec="0" bev="0" fileid="6" />
            </Method>
            <Method visited="false" cyclomaticComplexity="1" nPathComplexity="0" sequenceCoverage="0" branchCoverage="0" isConstructor="false" isStatic="false" isGetter="true" isSetter="false">
              <Summary numSequencePoints="1" visitedSequencePoints="0" numBranchPoints="1" visitedBranchPoints="0" sequenceCoverage="0" branchCoverage="0" maxCyclomaticComplexity="1" minCyclomaticComplexity="1" visitedClasses="0" numClasses="0" visitedMethods="0" numMethods="1" />
              <MetadataToken>100663332</MetadataToken>
              <Name>System.String MtgApiManager.Lib.Service.CardQueryParameter::get_Legality()</Name>
              <FileRef uid="6" />
              <SequencePoints>
                <SequencePoint vc="0" uspid="131" ordinal="0" offset="0" sl="110" sc="13" el="110" ec="17" bec="0" bev="0" fileid="6" />
              </SequencePoints>
              <BranchPoints />
              <MethodPoint xsi:type="SequencePoint" vc="0" uspid="131" ordinal="0" offset="0" sl="110" sc="13" el="110" ec="17" bec="0" bev="0" fileid="6" />
            </Method>
            <Method visited="false" cyclomaticComplexity="1" nPathComplexity="0" sequenceCoverage="0" branchCoverage="0" isConstructor="false" isStatic="false" isGetter="false" isSetter="true">
              <Summary numSequencePoints="1" visitedSequencePoints="0" numBranchPoints="1" visitedBranchPoints="0" sequenceCoverage="0" branchCoverage="0" maxCyclomaticComplexity="1" minCyclomaticComplexity="1" visitedClasses="0" numClasses="0" visitedMethods="0" numMethods="1" />
              <MetadataToken>100663333</MetadataToken>
              <Name>System.Void MtgApiManager.Lib.Service.CardQueryParameter::set_Legality(System.String)</Name>
              <FileRef uid="6" />
              <SequencePoints>
                <SequencePoint vc="0" uspid="132" ordinal="0" offset="0" sl="111" sc="13" el="111" ec="17" bec="0" bev="0" fileid="6" />
              </SequencePoints>
              <BranchPoints />
              <MethodPoint xsi:type="SequencePoint" vc="0" uspid="132" ordinal="0" offset="0" sl="111" sc="13" el="111" ec="17" bec="0" bev="0" fileid="6" />
            </Method>
            <Method visited="false" cyclomaticComplexity="1" nPathComplexity="0" sequenceCoverage="0" branchCoverage="0" isConstructor="false" isStatic="false" isGetter="true" isSetter="false">
              <Summary numSequencePoints="1" visitedSequencePoints="0" numBranchPoints="1" visitedBranchPoints="0" sequenceCoverage="0" branchCoverage="0" maxCyclomaticComplexity="1" minCyclomaticComplexity="1" visitedClasses="0" numClasses="0" visitedMethods="0" numMethods="1" />
              <MetadataToken>100663334</MetadataToken>
              <Name>System.String MtgApiManager.Lib.Service.CardQueryParameter::get_Loyalty()</Name>
              <FileRef uid="6" />
              <SequencePoints>
                <SequencePoint vc="0" uspid="133" ordinal="0" offset="0" sl="120" sc="13" el="120" ec="17" bec="0" bev="0" fileid="6" />
              </SequencePoints>
              <BranchPoints />
              <MethodPoint xsi:type="SequencePoint" vc="0" uspid="133" ordinal="0" offset="0" sl="120" sc="13" el="120" ec="17" bec="0" bev="0" fileid="6" />
            </Method>
            <Method visited="false" cyclomaticComplexity="1" nPathComplexity="0" sequenceCoverage="0" branchCoverage="0" isConstructor="false" isStatic="false" isGetter="false" isSetter="true">
              <Summary numSequencePoints="1" visitedSequencePoints="0" numBranchPoints="1" visitedBranchPoints="0" sequenceCoverage="0" branchCoverage="0" maxCyclomaticComplexity="1" minCyclomaticComplexity="1" visitedClasses="0" numClasses="0" visitedMethods="0" numMethods="1" />
              <MetadataToken>100663335</MetadataToken>
              <Name>System.Void MtgApiManager.Lib.Service.CardQueryParameter::set_Loyalty(System.String)</Name>
              <FileRef uid="6" />
              <SequencePoints>
                <SequencePoint vc="0" uspid="134" ordinal="0" offset="0" sl="121" sc="13" el="121" ec="17" bec="0" bev="0" fileid="6" />
              </SequencePoints>
              <BranchPoints />
              <MethodPoint xsi:type="SequencePoint" vc="0" uspid="134" ordinal="0" offset="0" sl="121" sc="13" el="121" ec="17" bec="0" bev="0" fileid="6" />
            </Method>
            <Method visited="false" cyclomaticComplexity="1" nPathComplexity="0" sequenceCoverage="0" branchCoverage="0" isConstructor="false" isStatic="false" isGetter="true" isSetter="false">
              <Summary numSequencePoints="1" visitedSequencePoints="0" numBranchPoints="1" visitedBranchPoints="0" sequenceCoverage="0" branchCoverage="0" maxCyclomaticComplexity="1" minCyclomaticComplexity="1" visitedClasses="0" numClasses="0" visitedMethods="0" numMethods="1" />
              <MetadataToken>100663336</MetadataToken>
              <Name>System.String MtgApiManager.Lib.Service.CardQueryParameter::get_Name()</Name>
              <FileRef uid="6" />
              <SequencePoints>
                <SequencePoint vc="0" uspid="135" ordinal="0" offset="0" sl="130" sc="13" el="130" ec="17" bec="0" bev="0" fileid="6" />
              </SequencePoints>
              <BranchPoints />
              <MethodPoint xsi:type="SequencePoint" vc="0" uspid="135" ordinal="0" offset="0" sl="130" sc="13" el="130" ec="17" bec="0" bev="0" fileid="6" />
            </Method>
            <Method visited="false" cyclomaticComplexity="1" nPathComplexity="0" sequenceCoverage="0" branchCoverage="0" isConstructor="false" isStatic="false" isGetter="false" isSetter="true">
              <Summary numSequencePoints="1" visitedSequencePoints="0" numBranchPoints="1" visitedBranchPoints="0" sequenceCoverage="0" branchCoverage="0" maxCyclomaticComplexity="1" minCyclomaticComplexity="1" visitedClasses="0" numClasses="0" visitedMethods="0" numMethods="1" />
              <MetadataToken>100663337</MetadataToken>
              <Name>System.Void MtgApiManager.Lib.Service.CardQueryParameter::set_Name(System.String)</Name>
              <FileRef uid="6" />
              <SequencePoints>
                <SequencePoint vc="0" uspid="136" ordinal="0" offset="0" sl="131" sc="13" el="131" ec="17" bec="0" bev="0" fileid="6" />
              </SequencePoints>
              <BranchPoints />
              <MethodPoint xsi:type="SequencePoint" vc="0" uspid="136" ordinal="0" offset="0" sl="131" sc="13" el="131" ec="17" bec="0" bev="0" fileid="6" />
            </Method>
            <Method visited="false" cyclomaticComplexity="1" nPathComplexity="0" sequenceCoverage="0" branchCoverage="0" isConstructor="false" isStatic="false" isGetter="true" isSetter="false">
              <Summary numSequencePoints="1" visitedSequencePoints="0" numBranchPoints="1" visitedBranchPoints="0" sequenceCoverage="0" branchCoverage="0" maxCyclomaticComplexity="1" minCyclomaticComplexity="1" visitedClasses="0" numClasses="0" visitedMethods="0" numMethods="1" />
              <MetadataToken>100663338</MetadataToken>
              <Name>System.String MtgApiManager.Lib.Service.CardQueryParameter::get_Number()</Name>
              <FileRef uid="6" />
              <SequencePoints>
                <SequencePoint vc="0" uspid="137" ordinal="0" offset="0" sl="140" sc="13" el="140" ec="17" bec="0" bev="0" fileid="6" />
              </SequencePoints>
              <BranchPoints />
              <MethodPoint xsi:type="SequencePoint" vc="0" uspid="137" ordinal="0" offset="0" sl="140" sc="13" el="140" ec="17" bec="0" bev="0" fileid="6" />
            </Method>
            <Method visited="false" cyclomaticComplexity="1" nPathComplexity="0" sequenceCoverage="0" branchCoverage="0" isConstructor="false" isStatic="false" isGetter="false" isSetter="true">
              <Summary numSequencePoints="1" visitedSequencePoints="0" numBranchPoints="1" visitedBranchPoints="0" sequenceCoverage="0" branchCoverage="0" maxCyclomaticComplexity="1" minCyclomaticComplexity="1" visitedClasses="0" numClasses="0" visitedMethods="0" numMethods="1" />
              <MetadataToken>100663339</MetadataToken>
              <Name>System.Void MtgApiManager.Lib.Service.CardQueryParameter::set_Number(System.String)</Name>
              <FileRef uid="6" />
              <SequencePoints>
                <SequencePoint vc="0" uspid="138" ordinal="0" offset="0" sl="141" sc="13" el="141" ec="17" bec="0" bev="0" fileid="6" />
              </SequencePoints>
              <BranchPoints />
              <MethodPoint xsi:type="SequencePoint" vc="0" uspid="138" ordinal="0" offset="0" sl="141" sc="13" el="141" ec="17" bec="0" bev="0" fileid="6" />
            </Method>
            <Method visited="false" cyclomaticComplexity="1" nPathComplexity="0" sequenceCoverage="0" branchCoverage="0" isConstructor="false" isStatic="false" isGetter="true" isSetter="false">
              <Summary numSequencePoints="1" visitedSequencePoints="0" numBranchPoints="1" visitedBranchPoints="0" sequenceCoverage="0" branchCoverage="0" maxCyclomaticComplexity="1" minCyclomaticComplexity="1" visitedClasses="0" numClasses="0" visitedMethods="0" numMethods="1" />
              <MetadataToken>100663340</MetadataToken>
              <Name>System.String MtgApiManager.Lib.Service.CardQueryParameter::get_OrderBy()</Name>
              <FileRef uid="6" />
              <SequencePoints>
                <SequencePoint vc="0" uspid="139" ordinal="0" offset="0" sl="150" sc="13" el="150" ec="17" bec="0" bev="0" fileid="6" />
              </SequencePoints>
              <BranchPoints />
              <MethodPoint xsi:type="SequencePoint" vc="0" uspid="139" ordinal="0" offset="0" sl="150" sc="13" el="150" ec="17" bec="0" bev="0" fileid="6" />
            </Method>
            <Method visited="false" cyclomaticComplexity="1" nPathComplexity="0" sequenceCoverage="0" branchCoverage="0" isConstructor="false" isStatic="false" isGetter="false" isSetter="true">
              <Summary numSequencePoints="1" visitedSequencePoints="0" numBranchPoints="1" visitedBranchPoints="0" sequenceCoverage="0" branchCoverage="0" maxCyclomaticComplexity="1" minCyclomaticComplexity="1" visitedClasses="0" numClasses="0" visitedMethods="0" numMethods="1" />
              <MetadataToken>100663341</MetadataToken>
              <Name>System.Void MtgApiManager.Lib.Service.CardQueryParameter::set_OrderBy(System.String)</Name>
              <FileRef uid="6" />
              <SequencePoints>
                <SequencePoint vc="0" uspid="140" ordinal="0" offset="0" sl="151" sc="13" el="151" ec="17" bec="0" bev="0" fileid="6" />
              </SequencePoints>
              <BranchPoints />
              <MethodPoint xsi:type="SequencePoint" vc="0" uspid="140" ordinal="0" offset="0" sl="151" sc="13" el="151" ec="17" bec="0" bev="0" fileid="6" />
            </Method>
            <Method visited="false" cyclomaticComplexity="1" nPathComplexity="0" sequenceCoverage="0" branchCoverage="0" isConstructor="false" isStatic="false" isGetter="true" isSetter="false">
              <Summary numSequencePoints="1" visitedSequencePoints="0" numBranchPoints="1" visitedBranchPoints="0" sequenceCoverage="0" branchCoverage="0" maxCyclomaticComplexity="1" minCyclomaticComplexity="1" visitedClasses="0" numClasses="0" visitedMethods="0" numMethods="1" />
              <MetadataToken>100663342</MetadataToken>
              <Name>System.Int32 MtgApiManager.Lib.Service.CardQueryParameter::get_Page()</Name>
              <FileRef uid="6" />
              <SequencePoints>
                <SequencePoint vc="0" uspid="141" ordinal="0" offset="0" sl="160" sc="13" el="160" ec="17" bec="0" bev="0" fileid="6" />
              </SequencePoints>
              <BranchPoints />
              <MethodPoint xsi:type="SequencePoint" vc="0" uspid="141" ordinal="0" offset="0" sl="160" sc="13" el="160" ec="17" bec="0" bev="0" fileid="6" />
            </Method>
            <Method visited="false" cyclomaticComplexity="1" nPathComplexity="0" sequenceCoverage="0" branchCoverage="0" isConstructor="false" isStatic="false" isGetter="false" isSetter="true">
              <Summary numSequencePoints="1" visitedSequencePoints="0" numBranchPoints="1" visitedBranchPoints="0" sequenceCoverage="0" branchCoverage="0" maxCyclomaticComplexity="1" minCyclomaticComplexity="1" visitedClasses="0" numClasses="0" visitedMethods="0" numMethods="1" />
              <MetadataToken>100663343</MetadataToken>
              <Name>System.Void MtgApiManager.Lib.Service.CardQueryParameter::set_Page(System.Int32)</Name>
              <FileRef uid="6" />
              <SequencePoints>
                <SequencePoint vc="0" uspid="142" ordinal="0" offset="0" sl="161" sc="13" el="161" ec="17" bec="0" bev="0" fileid="6" />
              </SequencePoints>
              <BranchPoints />
              <MethodPoint xsi:type="SequencePoint" vc="0" uspid="142" ordinal="0" offset="0" sl="161" sc="13" el="161" ec="17" bec="0" bev="0" fileid="6" />
            </Method>
            <Method visited="false" cyclomaticComplexity="1" nPathComplexity="0" sequenceCoverage="0" branchCoverage="0" isConstructor="false" isStatic="false" isGetter="true" isSetter="false">
              <Summary numSequencePoints="1" visitedSequencePoints="0" numBranchPoints="1" visitedBranchPoints="0" sequenceCoverage="0" branchCoverage="0" maxCyclomaticComplexity="1" minCyclomaticComplexity="1" visitedClasses="0" numClasses="0" visitedMethods="0" numMethods="1" />
              <MetadataToken>100663344</MetadataToken>
              <Name>System.Int32 MtgApiManager.Lib.Service.CardQueryParameter::get_PageSize()</Name>
              <FileRef uid="6" />
              <SequencePoints>
                <SequencePoint vc="0" uspid="143" ordinal="0" offset="0" sl="170" sc="13" el="170" ec="17" bec="0" bev="0" fileid="6" />
              </SequencePoints>
              <BranchPoints />
              <MethodPoint xsi:type="SequencePoint" vc="0" uspid="143" ordinal="0" offset="0" sl="170" sc="13" el="170" ec="17" bec="0" bev="0" fileid="6" />
            </Method>
            <Method visited="false" cyclomaticComplexity="1" nPathComplexity="0" sequenceCoverage="0" branchCoverage="0" isConstructor="false" isStatic="false" isGetter="false" isSetter="true">
              <Summary numSequencePoints="1" visitedSequencePoints="0" numBranchPoints="1" visitedBranchPoints="0" sequenceCoverage="0" branchCoverage="0" maxCyclomaticComplexity="1" minCyclomaticComplexity="1" visitedClasses="0" numClasses="0" visitedMethods="0" numMethods="1" />
              <MetadataToken>100663345</MetadataToken>
              <Name>System.Void MtgApiManager.Lib.Service.CardQueryParameter::set_PageSize(System.Int32)</Name>
              <FileRef uid="6" />
              <SequencePoints>
                <SequencePoint vc="0" uspid="144" ordinal="0" offset="0" sl="171" sc="13" el="171" ec="17" bec="0" bev="0" fileid="6" />
              </SequencePoints>
              <BranchPoints />
              <MethodPoint xsi:type="SequencePoint" vc="0" uspid="144" ordinal="0" offset="0" sl="171" sc="13" el="171" ec="17" bec="0" bev="0" fileid="6" />
            </Method>
            <Method visited="false" cyclomaticComplexity="1" nPathComplexity="0" sequenceCoverage="0" branchCoverage="0" isConstructor="false" isStatic="false" isGetter="true" isSetter="false">
              <Summary numSequencePoints="1" visitedSequencePoints="0" numBranchPoints="1" visitedBranchPoints="0" sequenceCoverage="0" branchCoverage="0" maxCyclomaticComplexity="1" minCyclomaticComplexity="1" visitedClasses="0" numClasses="0" visitedMethods="0" numMethods="1" />
              <MetadataToken>100663346</MetadataToken>
              <Name>System.String MtgApiManager.Lib.Service.CardQueryParameter::get_Power()</Name>
              <FileRef uid="6" />
              <SequencePoints>
                <SequencePoint vc="0" uspid="145" ordinal="0" offset="0" sl="180" sc="13" el="180" ec="17" bec="0" bev="0" fileid="6" />
              </SequencePoints>
              <BranchPoints />
              <MethodPoint xsi:type="SequencePoint" vc="0" uspid="145" ordinal="0" offset="0" sl="180" sc="13" el="180" ec="17" bec="0" bev="0" fileid="6" />
            </Method>
            <Method visited="false" cyclomaticComplexity="1" nPathComplexity="0" sequenceCoverage="0" branchCoverage="0" isConstructor="false" isStatic="false" isGetter="false" isSetter="true">
              <Summary numSequencePoints="1" visitedSequencePoints="0" numBranchPoints="1" visitedBranchPoints="0" sequenceCoverage="0" branchCoverage="0" maxCyclomaticComplexity="1" minCyclomaticComplexity="1" visitedClasses="0" numClasses="0" visitedMethods="0" numMethods="1" />
              <MetadataToken>100663347</MetadataToken>
              <Name>System.Void MtgApiManager.Lib.Service.CardQueryParameter::set_Power(System.String)</Name>
              <FileRef uid="6" />
              <SequencePoints>
                <SequencePoint vc="0" uspid="146" ordinal="0" offset="0" sl="181" sc="13" el="181" ec="17" bec="0" bev="0" fileid="6" />
              </SequencePoints>
              <BranchPoints />
              <MethodPoint xsi:type="SequencePoint" vc="0" uspid="146" ordinal="0" offset="0" sl="181" sc="13" el="181" ec="17" bec="0" bev="0" fileid="6" />
            </Method>
            <Method visited="false" cyclomaticComplexity="1" nPathComplexity="0" sequenceCoverage="0" branchCoverage="0" isConstructor="false" isStatic="false" isGetter="true" isSetter="false">
              <Summary numSequencePoints="1" visitedSequencePoints="0" numBranchPoints="1" visitedBranchPoints="0" sequenceCoverage="0" branchCoverage="0" maxCyclomaticComplexity="1" minCyclomaticComplexity="1" visitedClasses="0" numClasses="0" visitedMethods="0" numMethods="1" />
              <MetadataToken>100663348</MetadataToken>
              <Name>System.String MtgApiManager.Lib.Service.CardQueryParameter::get_Rarity()</Name>
              <FileRef uid="6" />
              <SequencePoints>
                <SequencePoint vc="0" uspid="147" ordinal="0" offset="0" sl="190" sc="13" el="190" ec="17" bec="0" bev="0" fileid="6" />
              </SequencePoints>
              <BranchPoints />
[...]
              <Name>System.Int32 MtgApiManager.Lib.Core.RateLimit::GetDelay(System.Int32)</Name>
              <FileRef uid="44" />
              <SequencePoints>
                <SequencePoint vc="23" uspid="1147" ordinal="0" offset="0" sl="44" sc="9" el="44" ec="10" bec="0" bev="0" fileid="44" />
                <SequencePoint vc="23" uspid="1148" ordinal="1" offset="1" sl="45" sc="13" el="45" ec="27" bec="0" bev="0" fileid="44" />
                <SequencePoint vc="23" uspid="1149" ordinal="2" offset="3" sl="47" sc="13" el="47" ec="38" bec="2" bev="2" fileid="44" />
                <SequencePoint vc="19" uspid="1150" ordinal="3" offset="11" sl="48" sc="13" el="48" ec="14" bec="0" bev="0" fileid="44" />
                <SequencePoint vc="19" uspid="1151" ordinal="4" offset="12" sl="49" sc="17" el="49" ec="26" bec="0" bev="0" fileid="44" />
                <SequencePoint vc="4" uspid="1152" ordinal="5" offset="19" sl="53" sc="13" el="53" ec="97" bec="0" bev="0" fileid="44" />
                <SequencePoint vc="4" uspid="1153" ordinal="6" offset="35" sl="55" sc="13" el="55" ec="45" bec="2" bev="2" fileid="44" />
                <SequencePoint vc="3" uspid="1154" ordinal="7" offset="55" sl="56" sc="13" el="56" ec="14" bec="0" bev="0" fileid="44" />
                <SequencePoint vc="3" uspid="1155" ordinal="8" offset="56" sl="58" sc="17" el="58" ec="88" bec="0" bev="0" fileid="44" />
                <SequencePoint vc="3" uspid="1156" ordinal="9" offset="99" sl="61" sc="17" el="64" ec="51" bec="0" bev="0" fileid="44" />
                <SequencePoint vc="3" uspid="1157" ordinal="10" offset="184" sl="67" sc="17" el="67" ec="67" bec="2" bev="2" fileid="44" />
                <SequencePoint vc="2" uspid="1158" ordinal="11" offset="203" sl="68" sc="17" el="68" ec="18" bec="0" bev="0" fileid="44" />
                <SequencePoint vc="2" uspid="1159" ordinal="12" offset="204" sl="69" sc="21" el="69" ec="91" bec="0" bev="0" fileid="44" />
                <SequencePoint vc="2" uspid="1160" ordinal="13" offset="241" sl="70" sc="21" el="70" ec="67" bec="0" bev="0" fileid="44" />
                <SequencePoint vc="2" uspid="1161" ordinal="14" offset="255" sl="71" sc="17" el="71" ec="18" bec="0" bev="0" fileid="44" />
                <SequencePoint vc="3" uspid="1162" ordinal="15" offset="256" sl="72" sc="13" el="72" ec="14" bec="0" bev="0" fileid="44" />
                <SequencePoint vc="4" uspid="1163" ordinal="16" offset="257" sl="74" sc="13" el="74" ec="26" bec="0" bev="0" fileid="44" />
                <SequencePoint vc="23" uspid="1164" ordinal="17" offset="261" sl="75" sc="9" el="75" ec="10" bec="0" bev="0" fileid="44" />
              </SequencePoints>
              <BranchPoints>
                <BranchPoint vc="19" uspid="1165" ordinal="0" offset="9" sl="47" path="0" offsetend="11" fileid="44" />
                <BranchPoint vc="4" uspid="1166" ordinal="1" offset="9" sl="47" path="1" offsetend="19" fileid="44" />
                <BranchPoint vc="3" uspid="1167" ordinal="2" offset="50" sl="55" path="0" offsetend="55" fileid="44" />
                <BranchPoint vc="1" uspid="1168" ordinal="3" offset="50" sl="55" path="1" offsetend="257" fileid="44" />
                <BranchPoint vc="2" uspid="1175" ordinal="10" offset="201" sl="67" path="0" offsetend="203" fileid="44" />
                <BranchPoint vc="1" uspid="1176" ordinal="11" offset="201" sl="67" path="1" offsetend="256" fileid="44" />
              </BranchPoints>
              <MethodPoint xsi:type="SequencePoint" vc="23" uspid="1147" ordinal="0" offset="0" sl="44" sc="9" el="44" ec="10" bec="0" bev="0" fileid="44" />
            </Method>
          </Methods>
        </Class>
        <Class>
          <Summary numSequencePoints="3" visitedSequencePoints="3" numBranchPoints="3" visitedBranchPoints="3" sequenceCoverage="100" branchCoverage="100" maxCyclomaticComplexity="1" minCyclomaticComplexity="1" visitedClasses="1" numClasses="1" visitedMethods="3" numMethods="3" />
          <FullName>MtgApiManager.Lib.Core.RateLimit/&lt;&gt;c</FullName>
          <Methods>
            <Method visited="true" cyclomaticComplexity="1" nPathComplexity="0" sequenceCoverage="0" branchCoverage="0" isConstructor="true" isStatic="true" isGetter="false" isSetter="false">
              <Summary numSequencePoints="0" visitedSequencePoints="0" numBranchPoints="0" visitedBranchPoints="0" sequenceCoverage="0" branchCoverage="0" maxCyclomaticComplexity="1" minCyclomaticComplexity="1" visitedClasses="0" numClasses="0" visitedMethods="0" numMethods="0" />
              <MetadataToken>100663771</MetadataToken>
              <Name>System.Void MtgApiManager.Lib.Core.RateLimit/&lt;&gt;c::.cctor()</Name>
              <SequencePoints />
              <BranchPoints />
              <MethodPoint vc="1" uspid="1177" ordinal="0" offset="0" />
            </Method>
            <Method visited="true" cyclomaticComplexity="1" nPathComplexity="0" sequenceCoverage="0" branchCoverage="0" isConstructor="true" isStatic="false" isGetter="false" isSetter="false">
              <Summary numSequencePoints="0" visitedSequencePoints="0" numBranchPoints="0" visitedBranchPoints="0" sequenceCoverage="0" branchCoverage="0" maxCyclomaticComplexity="1" minCyclomaticComplexity="1" visitedClasses="0" numClasses="0" visitedMethods="0" numMethods="0" />
              <MetadataToken>100663772</MetadataToken>
              <Name>System.Void MtgApiManager.Lib.Core.RateLimit/&lt;&gt;c::.ctor()</Name>
              <SequencePoints />
              <BranchPoints />
              <MethodPoint vc="1" uspid="1178" ordinal="0" offset="0" />
            </Method>
            <Method visited="true" cyclomaticComplexity="1" nPathComplexity="0" sequenceCoverage="100" branchCoverage="100" isConstructor="false" isStatic="false" isGetter="false" isSetter="false">
              <Summary numSequencePoints="1" visitedSequencePoints="1" numBranchPoints="1" visitedBranchPoints="1" sequenceCoverage="100" branchCoverage="100" maxCyclomaticComplexity="1" minCyclomaticComplexity="1" visitedClasses="0" numClasses="0" visitedMethods="1" numMethods="1" />
              <MetadataToken>100663773</MetadataToken>
              <Name>System.Boolean MtgApiManager.Lib.Core.RateLimit/&lt;&gt;c::&lt;GetDelay&gt;b__3_0(System.DateTime)</Name>
              <FileRef uid="44" />
              <SequencePoints>
                <SequencePoint vc="14" uspid="1179" ordinal="0" offset="0" sl="58" sc="54" el="58" ec="86" bec="0" bev="0" fileid="44" />
              </SequencePoints>
              <BranchPoints />
              <MethodPoint xsi:type="SequencePoint" vc="14" uspid="1179" ordinal="0" offset="0" sl="58" sc="54" el="58" ec="86" bec="0" bev="0" fileid="44" />
            </Method>
            <Method visited="true" cyclomaticComplexity="1" nPathComplexity="0" sequenceCoverage="100" branchCoverage="100" isConstructor="false" isStatic="false" isGetter="false" isSetter="false">
              <Summary numSequencePoints="1" visitedSequencePoints="1" numBranchPoints="1" visitedBranchPoints="1" sequenceCoverage="100" branchCoverage="100" maxCyclomaticComplexity="1" minCyclomaticComplexity="1" visitedClasses="0" numClasses="0" visitedMethods="1" numMethods="1" />
              <MetadataToken>100663774</MetadataToken>
              <Name>System.Boolean MtgApiManager.Lib.Core.RateLimit/&lt;&gt;c::&lt;GetDelay&gt;b__3_1(System.DateTime)</Name>
              <FileRef uid="44" />
              <SequencePoints>
                <SequencePoint vc="14" uspid="1180" ordinal="0" offset="0" sl="62" sc="53" el="62" ec="85" bec="0" bev="0" fileid="44" />
              </SequencePoints>
              <BranchPoints />
              <MethodPoint xsi:type="SequencePoint" vc="14" uspid="1180" ordinal="0" offset="0" sl="62" sc="53" el="62" ec="85" bec="0" bev="0" fileid="44" />
            </Method>
            <Method visited="true" cyclomaticComplexity="1" nPathComplexity="0" sequenceCoverage="100" branchCoverage="100" isConstructor="false" isStatic="false" isGetter="false" isSetter="false">
              <Summary numSequencePoints="1" visitedSequencePoints="1" numBranchPoints="1" visitedBranchPoints="1" sequenceCoverage="100" branchCoverage="100" maxCyclomaticComplexity="1" minCyclomaticComplexity="1" visitedClasses="0" numClasses="0" visitedMethods="1" numMethods="1" />
              <MetadataToken>100663775</MetadataToken>
              <Name>System.DateTime MtgApiManager.Lib.Core.RateLimit/&lt;&gt;c::&lt;GetDelay&gt;b__3_2(System.DateTime)</Name>
              <FileRef uid="44" />
              <SequencePoints>
                <SequencePoint vc="14" uspid="1181" ordinal="0" offset="0" sl="63" sc="55" el="63" ec="56" bec="0" bev="0" fileid="44" />
              </SequencePoints>
              <BranchPoints />
              <MethodPoint xsi:type="SequencePoint" vc="14" uspid="1181" ordinal="0" offset="0" sl="63" sc="55" el="63" ec="56" bec="0" bev="0" fileid="44" />
            </Method>
          </Methods>
        </Class>
        <Class>
          <Summary numSequencePoints="3" visitedSequencePoints="3" numBranchPoints="1" visitedBranchPoints="1" sequenceCoverage="100" branchCoverage="100" maxCyclomaticComplexity="1" minCyclomaticComplexity="1" visitedClasses="1" numClasses="1" visitedMethods="1" numMethods="1" />
          <FullName>MtgApiManager.Lib.Core.Exceptions.BadRequestException</FullName>
          <Methods>
            <Method visited="true" cyclomaticComplexity="1" nPathComplexity="0" sequenceCoverage="100" branchCoverage="100" isConstructor="true" isStatic="false" isGetter="false" isSetter="false">
              <Summary numSequencePoints="3" visitedSequencePoints="3" numBranchPoints="1" visitedBranchPoints="1" sequenceCoverage="100" branchCoverage="100" maxCyclomaticComplexity="1" minCyclomaticComplexity="1" visitedClasses="0" numClasses="0" visitedMethods="1" numMethods="1" />
              <MetadataToken>100663715</MetadataToken>
              <Name>System.Void MtgApiManager.Lib.Core.Exceptions.BadRequestException::.ctor(System.String)</Name>
              <FileRef uid="46" />
              <SequencePoints>
                <SequencePoint vc="1" uspid="1182" ordinal="0" offset="0" sl="17" sc="15" el="17" ec="28" bec="0" bev="0" fileid="46" />
                <SequencePoint vc="1" uspid="1183" ordinal="1" offset="8" sl="18" sc="9" el="18" ec="10" bec="0" bev="0" fileid="46" />
                <SequencePoint vc="1" uspid="1184" ordinal="2" offset="9" sl="19" sc="9" el="19" ec="10" bec="0" bev="0" fileid="46" />
              </SequencePoints>
              <BranchPoints />
              <MethodPoint xsi:type="SequencePoint" vc="1" uspid="1182" ordinal="0" offset="0" sl="17" sc="15" el="17" ec="28" bec="0" bev="0" fileid="46" />
            </Method>
          </Methods>
        </Class>
        <Class>
          <Summary numSequencePoints="3" visitedSequencePoints="3" numBranchPoints="1" visitedBranchPoints="1" sequenceCoverage="100" branchCoverage="100" maxCyclomaticComplexity="1" minCyclomaticComplexity="1" visitedClasses="1" numClasses="1" visitedMethods="1" numMethods="1" />
          <FullName>MtgApiManager.Lib.Core.Exceptions.ForbiddenException</FullName>
          <Methods>
            <Method visited="true" cyclomaticComplexity="1" nPathComplexity="0" sequenceCoverage="100" branchCoverage="100" isConstructor="true" isStatic="false" isGetter="false" isSetter="false">
              <Summary numSequencePoints="3" visitedSequencePoints="3" numBranchPoints="1" visitedBranchPoints="1" sequenceCoverage="100" branchCoverage="100" maxCyclomaticComplexity="1" minCyclomaticComplexity="1" visitedClasses="0" numClasses="0" visitedMethods="1" numMethods="1" />
              <MetadataToken>100663716</MetadataToken>
              <Name>System.Void MtgApiManager.Lib.Core.Exceptions.ForbiddenException::.ctor(System.String)</Name>
              <FileRef uid="47" />
              <SequencePoints>
                <SequencePoint vc="1" uspid="1185" ordinal="0" offset="0" sl="19" sc="15" el="19" ec="28" bec="0" bev="0" fileid="47" />
                <SequencePoint vc="1" uspid="1186" ordinal="1" offset="8" sl="20" sc="9" el="20" ec="10" bec="0" bev="0" fileid="47" />
                <SequencePoint vc="1" uspid="1187" ordinal="2" offset="9" sl="21" sc="9" el="21" ec="10" bec="0" bev="0" fileid="47" />
              </SequencePoints>
              <BranchPoints />
              <MethodPoint xsi:type="SequencePoint" vc="1" uspid="1185" ordinal="0" offset="0" sl="19" sc="15" el="19" ec="28" bec="0" bev="0" fileid="47" />
            </Method>
          </Methods>
        </Class>
        <Class>
          <Summary numSequencePoints="3" visitedSequencePoints="3" numBranchPoints="1" visitedBranchPoints="1" sequenceCoverage="100" branchCoverage="100" maxCyclomaticComplexity="1" minCyclomaticComplexity="1" visitedClasses="1" numClasses="1" visitedMethods="1" numMethods="1" />
          <FullName>MtgApiManager.Lib.Core.Exceptions.InternalServerErrorException</FullName>
          <Methods>
            <Method visited="true" cyclomaticComplexity="1" nPathComplexity="0" sequenceCoverage="100" branchCoverage="100" isConstructor="true" isStatic="false" isGetter="false" isSetter="false">
              <Summary numSequencePoints="3" visitedSequencePoints="3" numBranchPoints="1" visitedBranchPoints="1" sequenceCoverage="100" branchCoverage="100" maxCyclomaticComplexity="1" minCyclomaticComplexity="1" visitedClasses="0" numClasses="0" visitedMethods="1" numMethods="1" />
              <MetadataToken>100663717</MetadataToken>
              <Name>System.Void MtgApiManager.Lib.Core.Exceptions.InternalServerErrorException::.ctor(System.String)</Name>
              <FileRef uid="48" />
              <SequencePoints>
                <SequencePoint vc="1" uspid="1188" ordinal="0" offset="0" sl="19" sc="15" el="19" ec="28" bec="0" bev="0" fileid="48" />
                <SequencePoint vc="1" uspid="1189" ordinal="1" offset="8" sl="20" sc="9" el="20" ec="10" bec="0" bev="0" fileid="48" />
                <SequencePoint vc="1" uspid="1190" ordinal="2" offset="9" sl="21" sc="9" el="21" ec="10" bec="0" bev="0" fileid="48" />
              </SequencePoints>
              <BranchPoints />
              <MethodPoint xsi:type="SequencePoint" vc="1" uspid="1188" ordinal="0" offset="0" sl="19" sc="15" el="19" ec="28" bec="0" bev="0" fileid="48" />
            </Method>
          </Methods>
        </Class>
        <Class>
          <Summary numSequencePoints="3" visitedSequencePoints="3" numBranchPoints="1" visitedBranchPoints="1" sequenceCoverage="100" branchCoverage="100" maxCyclomaticComplexity="1" minCyclomaticComplexity="1" visitedClasses="1" numClasses="1" visitedMethods="1" numMethods="1" />
          <FullName>MtgApiManager.Lib.Core.Exceptions.MtgExceptionBase</FullName>
          <Methods>
            <Method visited="true" cyclomaticComplexity="1" nPathComplexity="0" sequenceCoverage="100" branchCoverage="100" isConstructor="true" isStatic="false" isGetter="false" isSetter="false">
              <Summary numSequencePoints="3" visitedSequencePoints="3" numBranchPoints="1" visitedBranchPoints="1" sequenceCoverage="100" branchCoverage="100" maxCyclomaticComplexity="1" minCyclomaticComplexity="1" visitedClasses="0" numClasses="0" visitedMethods="1" numMethods="1" />
              <MetadataToken>100663718</MetadataToken>
              <Name>System.Void MtgApiManager.Lib.Core.Exceptions.MtgExceptionBase::.ctor(System.String)</Name>
              <FileRef uid="49" />
              <SequencePoints>
                <SequencePoint vc="6" uspid="1191" ordinal="0" offset="0" sl="21" sc="15" el="21" ec="116" bec="0" bev="0" fileid="49" />
                <SequencePoint vc="6" uspid="1192" ordinal="1" offset="40" sl="22" sc="9" el="22" ec="10" bec="0" bev="0" fileid="49" />
                <SequencePoint vc="6" uspid="1193" ordinal="2" offset="41" sl="23" sc="9" el="23" ec="10" bec="0" bev="0" fileid="49" />
              </SequencePoints>
              <BranchPoints />
              <MethodPoint xsi:type="SequencePoint" vc="6" uspid="1191" ordinal="0" offset="0" sl="21" sc="15" el="21" ec="116" bec="0" bev="0" fileid="49" />
            </Method>
          </Methods>
        </Class>
        <Class>
          <Summary numSequencePoints="3" visitedSequencePoints="3" numBranchPoints="1" visitedBranchPoints="1" sequenceCoverage="100" branchCoverage="100" maxCyclomaticComplexity="1" minCyclomaticComplexity="1" visitedClasses="1" numClasses="1" visitedMethods="1" numMethods="1" />
          <FullName>MtgApiManager.Lib.Core.Exceptions.NotFoundException</FullName>
          <Methods>
            <Method visited="true" cyclomaticComplexity="1" nPathComplexity="0" sequenceCoverage="100" branchCoverage="100" isConstructor="true" isStatic="false" isGetter="false" isSetter="false">
              <Summary numSequencePoints="3" visitedSequencePoints="3" numBranchPoints="1" visitedBranchPoints="1" sequenceCoverage="100" branchCoverage="100" maxCyclomaticComplexity="1" minCyclomaticComplexity="1" visitedClasses="0" numClasses="0" visitedMethods="1" numMethods="1" />
              <MetadataToken>100663719</MetadataToken>
              <Name>System.Void MtgApiManager.Lib.Core.Exceptions.NotFoundException::.ctor(System.String)</Name>
              <FileRef uid="50" />
              <SequencePoints>
                <SequencePoint vc="1" uspid="1194" ordinal="0" offset="0" sl="19" sc="15" el="19" ec="28" bec="0" bev="0" fileid="50" />
                <SequencePoint vc="1" uspid="1195" ordinal="1" offset="8" sl="20" sc="9" el="20" ec="10" bec="0" bev="0" fileid="50" />
                <SequencePoint vc="1" uspid="1196" ordinal="2" offset="9" sl="21" sc="9" el="21" ec="10" bec="0" bev="0" fileid="50" />
              </SequencePoints>
              <BranchPoints />
              <MethodPoint xsi:type="SequencePoint" vc="1" uspid="1194" ordinal="0" offset="0" sl="19" sc="15" el="19" ec="28" bec="0" bev="0" fileid="50" />
            </Method>
          </Methods>
        </Class>
        <Class>
          <Summary numSequencePoints="3" visitedSequencePoints="3" numBranchPoints="1" visitedBranchPoints="1" sequenceCoverage="100" branchCoverage="100" maxCyclomaticComplexity="1" minCyclomaticComplexity="1" visitedClasses="1" numClasses="1" visitedMethods="1" numMethods="1" />
          <FullName>MtgApiManager.Lib.Core.Exceptions.ServiceUnavailableException</FullName>
          <Methods>
            <Method visited="true" cyclomaticComplexity="1" nPathComplexity="0" sequenceCoverage="100" branchCoverage="100" isConstructor="true" isStatic="false" isGetter="false" isSetter="false">
              <Summary numSequencePoints="3" visitedSequencePoints="3" numBranchPoints="1" visitedBranchPoints="1" sequenceCoverage="100" branchCoverage="100" maxCyclomaticComplexity="1" minCyclomaticComplexity="1" visitedClasses="0" numClasses="0" visitedMethods="1" numMethods="1" />
              <MetadataToken>100663720</MetadataToken>
              <Name>System.Void MtgApiManager.Lib.Core.Exceptions.ServiceUnavailableException::.ctor(System.String)</Name>
              <FileRef uid="51" />
              <SequencePoints>
                <SequencePoint vc="1" uspid="1197" ordinal="0" offset="0" sl="19" sc="15" el="19" ec="28" bec="0" bev="0" fileid="51" />
                <SequencePoint vc="1" uspid="1198" ordinal="1" offset="8" sl="20" sc="9" el="20" ec="10" bec="0" bev="0" fileid="51" />
                <SequencePoint vc="1" uspid="1199" ordinal="2" offset="9" sl="21" sc="9" el="21" ec="10" bec="0" bev="0" fileid="51" />
              </SequencePoints>
              <BranchPoints />
              <MethodPoint xsi:type="SequencePoint" vc="1" uspid="1197" ordinal="0" offset="0" sl="19" sc="15" el="19" ec="28" bec="0" bev="0" fileid="51" />
            </Method>
          </Methods>
        </Class>
      </Classes>
    </Module>
  </Modules>
</CoverageSession>